<?xml version="1.0" encoding="UTF-8"?>
<testsuite name="pl.dominika.stockbroker_test.StockBrokerTest" time="0.004" tests="3" errors="1" skipped="0" failures="0">
  <properties>
[...]
</properties>
  <testcase name="testShouldFindShareByDate" classname="pl.dominika.stockbroker_test.StockBrokerTest" time="0"/>
  <testcase name="testShouldFindAllShares" classname="pl.dominika.stockbroker_test.StockBrokerTest" time="0"/>
  <testcase name="testShouldBuySharesFromInvestor" classname="pl.dominika.stockbroker_test.StockBrokerTest" time="0.004">
    <error message="Index: 1, Size: 1" type="java.lang.IndexOutOfBoundsException">java.lang.IndexOutOfBoundsException: Index: 1, Size: 1
	at java.util.ArrayList.rangeCheck(ArrayList.java:635)
	at java.util.ArrayList.get(ArrayList.java:411)
	at pl.dominika.service.impl.CSVReaderImpl.convertArray2Objects(CSVReaderImpl.java:62)
	at pl.dominika.service.impl.CSVReaderImpl.readCSV(CSVReaderImpl.java:40)
	at sun.reflect.NativeMethodAccessorImpl.invoke0(Native Method)
	at sun.reflect.NativeMethodAccessorImpl.invoke(NativeMethodAccessorImpl.java:57)
	at sun.reflect.DelegatingMethodAccessorImpl.invoke(DelegatingMethodAccessorImpl.java:43)
	at java.lang.reflect.Method.invoke(Method.java:606)
	at org.springframework.aop.support.AopUtils.invokeJoinpointUsingReflection(AopUtils.java:317)
	at org.springframework.aop.framework.ReflectiveMethodInvocation.invokeJoinpoint(ReflectiveMethodInvocation.java:190)
	at org.springframework.aop.framework.ReflectiveMethodInvocation.proceed(ReflectiveMethodInvocation.java:157)
	at org.springframework.transaction.interceptor.TransactionInterceptor$1.proceedWithInvocation(TransactionInterceptor.java:98)
	at org.springframework.transaction.interceptor.TransactionAspectSupport.invokeWithinTransaction(TransactionAspectSupport.java:262)
	at org.springframework.transaction.interceptor.TransactionInterceptor.invoke(TransactionInterceptor.java:95)
	at org.springframework.aop.framework.ReflectiveMethodInvocation.proceed(ReflectiveMethodInvocation.java:179)
	at org.springframework.aop.framework.JdkDynamicAopProxy.invoke(JdkDynamicAopProxy.java:207)
	at com.sun.proxy.$Proxy40.readCSV(Unknown Source)
	at pl.dominika.stockbroker_test.StockBrokerTest.testShouldBuySharesFromInvestor(StockBrokerTest.java:58)
</error>
    <system-out><![CDATA[17:18:25.654 [main] DEBUG o.s.t.annotation.ProfileValueUtils - Retrieved @ProfileValueSourceConfiguration [null] for test class [pl.dominika.stockbroker_test.StockBrokerTest]
17:18:25.655 [main] DEBUG o.s.t.annotation.ProfileValueUtils - Retrieved ProfileValueSource type [class org.springframework.test.annotation.SystemProfileValueSource] for class [pl.dominika.stockbroker_test.StockBrokerTest]
17:18:25.655 [main] DEBUG o.s.t.c.s.DependencyInjectionTestExecutionListener - Performing dependency injection for test context [[DefaultTestContext@5b580e04 testClass = StockBrokerTest, testInstance = pl.dominika.stockbroker_test.StockBrokerTest@60d2cd99, testMethod = [null], testException = [null], mergedContextConfiguration = [MergedContextConfiguration@746dfccb testClass = StockBrokerTest, locations = '{classpath:/spring/test-context.xml}', classes = '{}', contextInitializerClasses = '[]', activeProfiles = '{}', propertySourceLocations = '{}', propertySourceProperties = '{}', contextLoader = 'org.springframework.test.context.support.DelegatingSmartContextLoader', parent = [null]]]].
17:18:25.655 [main] DEBUG o.s.t.c.DefaultCacheAwareContextLoaderDelegate - Retrieved ApplicationContext from cache with key [[MergedContextConfiguration@746dfccb testClass = StockBrokerTest, locations = '{classpath:/spring/test-context.xml}', classes = '{}', contextInitializerClasses = '[]', activeProfiles = '{}', propertySourceLocations = '{}', propertySourceProperties = '{}', contextLoader = 'org.springframework.test.context.support.DelegatingSmartContextLoader', parent = [null]]]
17:18:25.655 [main] DEBUG o.springframework.test.context.cache - Spring test ApplicationContext cache statistics: [ContextCache@4df16ea1 size = 1, hitCount = 6, missCount = 1, parentContextCount = 0]
17:18:25.655 [main] DEBUG o.s.b.f.annotation.InjectionMetadata - Processing injected element of bean 'pl.dominika.stockbroker_test.StockBrokerTest': AutowiredFieldElement for private pl.dominika.stockbroker.StockBroker pl.dominika.stockbroker_test.StockBrokerTest.stockBroker
17:18:25.655 [main] DEBUG o.s.b.f.s.DefaultListableBeanFactory - Returning cached instance of singleton bean 'stockBrokerImpl'
17:18:25.655 [main] DEBUG o.s.b.f.annotation.InjectionMetadata - Processing injected element of bean 'pl.dominika.stockbroker_test.StockBrokerTest': AutowiredFieldElement for private pl.dominika.service.impl.CSVReader pl.dominika.stockbroker_test.StockBrokerTest.csvReader
17:18:25.655 [main] DEBUG o.s.b.f.s.DefaultListableBeanFactory - Returning cached instance of singleton bean 'stockBroker'
17:18:25.656 [main] DEBUG o.s.b.f.s.DefaultListableBeanFactory - Returning cached instance of singleton bean 'transactionManager'
17:18:25.656 [main] DEBUG o.s.orm.jpa.JpaTransactionManager - Creating new transaction with name [pl.dominika.service.impl.CSVReaderImpl.readCSV]: PROPAGATION_REQUIRED,ISOLATION_DEFAULT; ''
17:18:25.656 [main] DEBUG org.hibernate.impl.SessionImpl - opened session at timestamp: 14492459056
17:18:25.656 [main] DEBUG o.s.orm.jpa.JpaTransactionManager - Opened new EntityManager [org.hibernate.ejb.EntityManagerImpl@2fb82978] for JPA transaction
17:18:25.656 [main] DEBUG o.h.transaction.JDBCTransaction - begin
17:18:25.656 [main] DEBUG org.hibernate.jdbc.ConnectionManager - opening JDBC connection
17:18:25.656 [main] DEBUG o.s.j.d.SimpleDriverDataSource - Creating new JDBC Driver Connection to [jdbc:hsqldb:mem:dataSource]
17:18:25.656 [main] DEBUG o.h.transaction.JDBCTransaction - current autocommit status: true
17:18:25.656 [main] DEBUG o.h.transaction.JDBCTransaction - disabling autocommit
17:18:25.657 [main] DEBUG o.s.orm.jpa.JpaTransactionManager - Exposing JPA transaction as JDBC transaction [org.springframework.orm.jpa.vendor.HibernateJpaDialect$HibernateConnectionHandle@63aa9dc1]
17:18:25.657 [main] DEBUG o.s.b.f.s.DefaultListableBeanFactory - Returning cached instance of singleton bean 'transactionManager'
17:18:25.657 [main] DEBUG o.s.orm.jpa.JpaTransactionManager - Found thread-bound EntityManager [org.hibernate.ejb.EntityManagerImpl@2fb82978] for JPA transaction
17:18:25.657 [main] DEBUG o.s.orm.jpa.JpaTransactionManager - Participating in existing transaction
17:18:25.657 [main] DEBUG o.h.e.def.AbstractSaveEventListener - executing identity-insert immediately
17:18:25.657 [main] DEBUG org.hibernate.jdbc.AbstractBatcher - about to open PreparedStatement (open PreparedStatements: 0, globally: 0)
17:18:25.658 [main] DEBUG org.hibernate.SQL - 
    insert 
    into
        company
        (id, name) 
    values
        (default, ?)
Hibernate: 
    insert 
    into
        company
        (id, name) 
    values
        (default, ?)
17:18:25.658 [main] DEBUG o.h.id.IdentifierGeneratorHelper - Natively generated identity: 21
17:18:25.658 [main] DEBUG org.hibernate.jdbc.AbstractBatcher - about to close PreparedStatement (open PreparedStatements: 1, globally: 1)
17:18:25.663 [main] DEBUG o.h.e.def.AbstractSaveEventListener - executing identity-insert immediately
17:18:25.663 [main] DEBUG org.hibernate.jdbc.AbstractBatcher - about to open PreparedStatement (open PreparedStatements: 0, globally: 0)
17:18:25.663 [main] DEBUG org.hibernate.SQL - 
    insert 
    into
        data_price
        (id, company_id, date, price) 
    values
        (default, ?, ?, ?)
Hibernate: 
    insert 
    into
        data_price
        (id, company_id, date, price) 
    values
        (default, ?, ?, ?)
17:18:25.664 [main] DEBUG o.h.id.IdentifierGeneratorHelper - Natively generated identity: 57
17:18:25.664 [main] DEBUG org.hibernate.jdbc.AbstractBatcher - about to close PreparedStatement (open PreparedStatements: 1, globally: 1)
KGHM
17:18:25.664 [main] DEBUG o.s.b.f.s.DefaultListableBeanFactory - Returning cached instance of singleton bean 'transactionManager'
17:18:25.664 [main] DEBUG o.s.orm.jpa.JpaTransactionManager - Found thread-bound EntityManager [org.hibernate.ejb.EntityManagerImpl@2fb82978] for JPA transaction
17:18:25.664 [main] DEBUG o.s.orm.jpa.JpaTransactionManager - Participating in existing transaction
17:18:25.665 [main] DEBUG o.h.e.def.AbstractSaveEventListener - executing identity-insert immediately
17:18:25.665 [main] DEBUG org.hibernate.jdbc.AbstractBatcher - about to open PreparedStatement (open PreparedStatements: 0, globally: 0)
17:18:25.665 [main] DEBUG org.hibernate.SQL - 
    insert 
    into
        company
        (id, name) 
    values
        (default, ?)
Hibernate: 
    insert 
    into
        company
        (id, name) 
    values
        (default, ?)
17:18:25.665 [main] DEBUG o.h.id.IdentifierGeneratorHelper - Natively generated identity: 22
17:18:25.665 [main] DEBUG org.hibernate.jdbc.AbstractBatcher - about to close PreparedStatement (open PreparedStatements: 1, globally: 1)
17:18:25.665 [main] DEBUG o.h.e.def.AbstractSaveEventListener - executing identity-insert immediately
17:18:25.665 [main] DEBUG org.hibernate.jdbc.AbstractBatcher - about to open PreparedStatement (open PreparedStatements: 0, globally: 0)
17:18:25.666 [main] DEBUG org.hibernate.SQL - 
    insert 
    into
        data_price
        (id, company_id, date, price) 
    values
        (default, ?, ?, ?)
Hibernate: 
    insert 
    into
        data_price
        (id, company_id, date, price) 
    values
        (default, ?, ?, ?)
17:18:25.666 [main] DEBUG o.h.id.IdentifierGeneratorHelper - Natively generated identity: 58
17:18:25.666 [main] DEBUG org.hibernate.jdbc.AbstractBatcher - about to close PreparedStatement (open PreparedStatements: 1, globally: 1)
PGNIG
17:18:25.666 [main] DEBUG o.s.b.f.s.DefaultListableBeanFactory - Returning cached instance of singleton bean 'transactionManager'
17:18:25.666 [main] DEBUG o.s.orm.jpa.JpaTransactionManager - Found thread-bound EntityManager [org.hibernate.ejb.EntityManagerImpl@2fb82978] for JPA transaction
17:18:25.667 [main] DEBUG o.s.orm.jpa.JpaTransactionManager - Participating in existing transaction
17:18:25.667 [main] DEBUG o.h.e.def.AbstractSaveEventListener - executing identity-insert immediately
17:18:25.667 [main] DEBUG org.hibernate.jdbc.AbstractBatcher - about to open PreparedStatement (open PreparedStatements: 0, globally: 0)
17:18:25.667 [main] DEBUG org.hibernate.SQL - 
    insert 
    into
        company
        (id, name) 
    values
        (default, ?)
Hibernate: 
    insert 
    into
        company
        (id, name) 
    values
        (default, ?)
17:18:25.667 [main] DEBUG o.h.id.IdentifierGeneratorHelper - Natively generated identity: 23
17:18:25.667 [main] DEBUG org.hibernate.jdbc.AbstractBatcher - about to close PreparedStatement (open PreparedStatements: 1, globally: 1)
17:18:25.667 [main] DEBUG o.h.e.def.AbstractSaveEventListener - executing identity-insert immediately
17:18:25.667 [main] DEBUG org.hibernate.jdbc.AbstractBatcher - about to open PreparedStatement (open PreparedStatements: 0, globally: 0)
17:18:25.668 [main] DEBUG org.hibernate.SQL - 
    insert 
    into
        data_price
        (id, company_id, date, price) 
    values
        (default, ?, ?, ?)
Hibernate: 
    insert 
    into
        data_price
        (id, company_id, date, price) 
    values
        (default, ?, ?, ?)
17:18:25.668 [main] DEBUG o.h.id.IdentifierGeneratorHelper - Natively generated identity: 59
17:18:25.668 [main] DEBUG org.hibernate.jdbc.AbstractBatcher - about to close PreparedStatement (open PreparedStatements: 1, globally: 1)
JSW
17:18:25.668 [main] DEBUG o.s.b.f.s.DefaultListableBeanFactory - Returning cached instance of singleton bean 'transactionManager'
17:18:25.668 [main] DEBUG o.s.orm.jpa.JpaTransactionManager - Found thread-bound EntityManager [org.hibernate.ejb.EntityManagerImpl@2fb82978] for JPA transaction
17:18:25.668 [main] DEBUG o.s.orm.jpa.JpaTransactionManager - Participating in existing transaction
17:18:25.669 [main] DEBUG o.h.e.def.AbstractSaveEventListener - executing identity-insert immediately
17:18:25.669 [main] DEBUG org.hibernate.jdbc.AbstractBatcher - about to open PreparedStatement (open PreparedStatements: 0, globally: 0)
17:18:25.669 [main] DEBUG org.hibernate.SQL - 
    insert 
    into
        company
        (id, name) 
    values
        (default, ?)
Hibernate: 
    insert 
    into
        company
        (id, name) 
    values
        (default, ?)
17:18:25.669 [main] DEBUG o.h.id.IdentifierGeneratorHelper - Natively generated identity: 24
17:18:25.669 [main] DEBUG org.hibernate.jdbc.AbstractBatcher - about to close PreparedStatement (open PreparedStatements: 1, globally: 1)
17:18:25.669 [main] DEBUG o.h.e.def.AbstractSaveEventListener - executing identity-insert immediately
17:18:25.669 [main] DEBUG org.hibernate.jdbc.AbstractBatcher - about to open PreparedStatement (open PreparedStatements: 0, globally: 0)
17:18:25.670 [main] DEBUG org.hibernate.SQL - 
    insert 
    into
        data_price
        (id, company_id, date, price) 
    values
        (default, ?, ?, ?)
Hibernate: 
    insert 
    into
        data_price
        (id, company_id, date, price) 
    values
        (default, ?, ?, ?)
17:18:25.670 [main] DEBUG o.h.id.IdentifierGeneratorHelper - Natively generated identity: 60
17:18:25.670 [main] DEBUG org.hibernate.jdbc.AbstractBatcher - about to close PreparedStatement (open PreparedStatements: 1, globally: 1)
TPSA
17:18:25.670 [main] DEBUG o.s.b.f.s.DefaultListableBeanFactory - Returning cached instance of singleton bean 'transactionManager'
17:18:25.670 [main] DEBUG o.s.orm.jpa.JpaTransactionManager - Found thread-bound EntityManager [org.hibernate.ejb.EntityManagerImpl@2fb82978] for JPA transaction
17:18:25.670 [main] DEBUG o.s.orm.jpa.JpaTransactionManager - Participating in existing transaction
17:18:25.671 [main] DEBUG o.h.e.def.AbstractSaveEventListener - executing identity-insert immediately
17:18:25.671 [main] DEBUG org.hibernate.jdbc.AbstractBatcher - about to open PreparedStatement (open PreparedStatements: 0, globally: 0)
17:18:25.671 [main] DEBUG org.hibernate.SQL - 
    insert 
    into
        company
        (id, name) 
    values
        (default, ?)
Hibernate: 
    insert 
    into
        company
        (id, name) 
    values
        (default, ?)
17:18:25.671 [main] DEBUG o.h.id.IdentifierGeneratorHelper - Natively generated identity: 25
17:18:25.671 [main] DEBUG org.hibernate.jdbc.AbstractBatcher - about to close PreparedStatement (open PreparedStatements: 1, globally: 1)
17:18:25.671 [main] DEBUG o.h.e.def.AbstractSaveEventListener - executing identity-insert immediately
17:18:25.671 [main] DEBUG org.hibernate.jdbc.AbstractBatcher - about to open PreparedStatement (open PreparedStatements: 0, globally: 0)
17:18:25.671 [main] DEBUG org.hibernate.SQL - 
    insert 
    into
        data_price
        (id, company_id, date, price) 
    values
        (default, ?, ?, ?)
Hibernate: 
    insert 
    into
        data_price
        (id, company_id, date, price) 
    values
        (default, ?, ?, ?)
17:18:25.672 [main] DEBUG o.h.id.IdentifierGeneratorHelper - Natively generated identity: 61
17:18:25.672 [main] DEBUG org.hibernate.jdbc.AbstractBatcher - about to close PreparedStatement (open PreparedStatements: 1, globally: 1)
PKOBP
17:18:25.672 [main] DEBUG o.s.b.f.s.DefaultListableBeanFactory - Returning cached instance of singleton bean 'transactionManager'
17:18:25.672 [main] DEBUG o.s.orm.jpa.JpaTransactionManager - Found thread-bound EntityManager [org.hibernate.ejb.EntityManagerImpl@2fb82978] for JPA transaction
17:18:25.672 [main] DEBUG o.s.orm.jpa.JpaTransactionManager - Participating in existing transaction
17:18:25.673 [main] DEBUG o.h.e.def.AbstractSaveEventListener - executing identity-insert immediately
17:18:25.673 [main] DEBUG org.hibernate.jdbc.AbstractBatcher - about to open PreparedStatement (open PreparedStatements: 0, globally: 0)
17:18:25.673 [main] DEBUG org.hibernate.SQL - 
    insert 
    into
        data_price
        (id, company_id, date, price) 
    values
        (default, ?, ?, ?)
Hibernate: 
    insert 
    into
        data_price
        (id, company_id, date, price) 
    values
        (default, ?, ?, ?)
17:18:25.673 [main] DEBUG o.h.id.IdentifierGeneratorHelper - Natively generated identity: 62
17:18:25.673 [main] DEBUG org.hibernate.jdbc.AbstractBatcher - about to close PreparedStatement (open PreparedStatements: 1, globally: 1)
KGHM
17:18:25.673 [main] DEBUG o.s.b.f.s.DefaultListableBeanFactory - Returning cached instance of singleton bean 'transactionManager'
17:18:25.674 [main] DEBUG o.s.orm.jpa.JpaTransactionManager - Found thread-bound EntityManager [org.hibernate.ejb.EntityManagerImpl@2fb82978] for JPA transaction
17:18:25.674 [main] DEBUG o.s.orm.jpa.JpaTransactionManager - Participating in existing transaction
17:18:25.674 [main] DEBUG o.h.e.def.AbstractSaveEventListener - executing identity-insert immediately
17:18:25.674 [main] DEBUG org.hibernate.jdbc.AbstractBatcher - about to open PreparedStatement (open PreparedStatements: 0, globally: 0)
17:18:25.674 [main] DEBUG org.hibernate.SQL - 
    insert 
    into
        data_price
        (id, company_id, date, price) 
    values
        (default, ?, ?, ?)
Hibernate: 
    insert 
    into
        data_price
        (id, company_id, date, price) 
    values
        (default, ?, ?, ?)
17:18:25.674 [main] DEBUG o.h.id.IdentifierGeneratorHelper - Natively generated identity: 63
17:18:25.675 [main] DEBUG org.hibernate.jdbc.AbstractBatcher - about to close PreparedStatement (open PreparedStatements: 1, globally: 1)
PGNIG
17:18:25.675 [main] DEBUG o.s.b.f.s.DefaultListableBeanFactory - Returning cached instance of singleton bean 'transactionManager'
17:18:25.675 [main] DEBUG o.s.orm.jpa.JpaTransactionManager - Found thread-bound EntityManager [org.hibernate.ejb.EntityManagerImpl@2fb82978] for JPA transaction
17:18:25.675 [main] DEBUG o.s.orm.jpa.JpaTransactionManager - Participating in existing transaction
17:18:25.675 [main] DEBUG o.h.e.def.AbstractSaveEventListener - executing identity-insert immediately
17:18:25.675 [main] DEBUG org.hibernate.jdbc.AbstractBatcher - about to open PreparedStatement (open PreparedStatements: 0, globally: 0)
17:18:25.675 [main] DEBUG org.hibernate.SQL - 
    insert 
    into
        data_price
        (id, company_id, date, price) 
    values
        (default, ?, ?, ?)
Hibernate: 
    insert 
    into
        data_price
        (id, company_id, date, price) 
    values
        (default, ?, ?, ?)
17:18:25.676 [main] DEBUG o.h.id.IdentifierGeneratorHelper - Natively generated identity: 64
17:18:25.676 [main] DEBUG org.hibernate.jdbc.AbstractBatcher - about to close PreparedStatement (open PreparedStatements: 1, globally: 1)
JSW
17:18:25.676 [main] DEBUG o.s.b.f.s.DefaultListableBeanFactory - Returning cached instance of singleton bean 'transactionManager'
17:18:25.676 [main] DEBUG o.s.orm.jpa.JpaTransactionManager - Found thread-bound EntityManager [org.hibernate.ejb.EntityManagerImpl@2fb82978] for JPA transaction
17:18:25.676 [main] DEBUG o.s.orm.jpa.JpaTransactionManager - Participating in existing transaction
17:18:25.677 [main] DEBUG o.h.e.def.AbstractSaveEventListener - executing identity-insert immediately
17:18:25.677 [main] DEBUG org.hibernate.jdbc.AbstractBatcher - about to open PreparedStatement (open PreparedStatements: 0, globally: 0)
17:18:25.677 [main] DEBUG org.hibernate.SQL - 
    insert 
    into
        data_price
        (id, company_id, date, price) 
    values
        (default, ?, ?, ?)
Hibernate: 
    insert 
    into
        data_price
        (id, company_id, date, price) 
    values
        (default, ?, ?, ?)
17:18:25.677 [main] DEBUG o.h.id.IdentifierGeneratorHelper - Natively generated identity: 65
17:18:25.677 [main] DEBUG org.hibernate.jdbc.AbstractBatcher - about to close PreparedStatement (open PreparedStatements: 1, globally: 1)
TPSA
17:18:25.678 [main] DEBUG o.s.b.f.s.DefaultListableBeanFactory - Returning cached instance of singleton bean 'transactionManager'
17:18:25.678 [main] DEBUG o.s.orm.jpa.JpaTransactionManager - Found thread-bound EntityManager [org.hibernate.ejb.EntityManagerImpl@2fb82978] for JPA transaction
17:18:25.678 [main] DEBUG o.s.orm.jpa.JpaTransactionManager - Participating in existing transaction
17:18:25.678 [main] DEBUG o.h.e.def.AbstractSaveEventListener - executing identity-insert immediately
17:18:25.678 [main] DEBUG org.hibernate.jdbc.AbstractBatcher - about to open PreparedStatement (open PreparedStatements: 0, globally: 0)
17:18:25.678 [main] DEBUG org.hibernate.SQL - 
    insert 
    into
        data_price
        (id, company_id, date, price) 
    values
        (default, ?, ?, ?)
Hibernate: 
    insert 
    into
        data_price
        (id, company_id, date, price) 
    values
        (default, ?, ?, ?)
17:18:25.679 [main] DEBUG o.h.id.IdentifierGeneratorHelper - Natively generated identity: 66
17:18:25.679 [main] DEBUG org.hibernate.jdbc.AbstractBatcher - about to close PreparedStatement (open PreparedStatements: 1, globally: 1)
PKOBP
17:18:25.679 [main] DEBUG o.s.b.f.s.DefaultListableBeanFactory - Returning cached instance of singleton bean 'transactionManager'
17:18:25.680 [main] DEBUG o.s.orm.jpa.JpaTransactionManager - Found thread-bound EntityManager [org.hibernate.ejb.EntityManagerImpl@2fb82978] for JPA transaction
17:18:25.680 [main] DEBUG o.s.orm.jpa.JpaTransactionManager - Participating in existing transaction
17:18:25.680 [main] DEBUG o.h.e.def.AbstractSaveEventListener - executing identity-insert immediately
17:18:25.680 [main] DEBUG org.hibernate.jdbc.AbstractBatcher - about to open PreparedStatement (open PreparedStatements: 0, globally: 0)
17:18:25.680 [main] DEBUG org.hibernate.SQL - 
    insert 
    into
        data_price
        (id, company_id, date, price) 
    values
        (default, ?, ?, ?)
Hibernate: 
    insert 
    into
        data_price
        (id, company_id, date, price) 
    values
        (default, ?, ?, ?)
17:18:25.681 [main] DEBUG o.h.id.IdentifierGeneratorHelper - Natively generated identity: 67
17:18:25.681 [main] DEBUG org.hibernate.jdbc.AbstractBatcher - about to close PreparedStatement (open PreparedStatements: 1, globally: 1)
KGHM
17:18:25.681 [main] DEBUG o.s.b.f.s.DefaultListableBeanFactory - Returning cached instance of singleton bean 'transactionManager'
17:18:25.681 [main] DEBUG o.s.orm.jpa.JpaTransactionManager - Found thread-bound EntityManager [org.hibernate.ejb.EntityManagerImpl@2fb82978] for JPA transaction
17:18:25.681 [main] DEBUG o.s.orm.jpa.JpaTransactionManager - Participating in existing transaction
17:18:25.681 [main] DEBUG o.h.e.def.AbstractSaveEventListener - executing identity-insert immediately
17:18:25.681 [main] DEBUG org.hibernate.jdbc.AbstractBatcher - about to open PreparedStatement (open PreparedStatements: 0, globally: 0)
17:18:25.682 [main] DEBUG org.hibernate.SQL - 
    insert 
    into
        data_price
        (id, company_id, date, price) 
    values
        (default, ?, ?, ?)
Hibernate: 
    insert 
    into
        data_price
        (id, company_id, date, price) 
    values
        (default, ?, ?, ?)
17:18:25.682 [main] DEBUG o.h.id.IdentifierGeneratorHelper - Natively generated identity: 68
17:18:25.682 [main] DEBUG org.hibernate.jdbc.AbstractBatcher - about to close PreparedStatement (open PreparedStatements: 1, globally: 1)
PGNIG
17:18:25.682 [main] DEBUG o.s.b.f.s.DefaultListableBeanFactory - Returning cached instance of singleton bean 'transactionManager'
17:18:25.682 [main] DEBUG o.s.orm.jpa.JpaTransactionManager - Found thread-bound EntityManager [org.hibernate.ejb.EntityManagerImpl@2fb82978] for JPA transaction
17:18:25.682 [main] DEBUG o.s.orm.jpa.JpaTransactionManager - Participating in existing transaction
17:18:25.682 [main] DEBUG o.h.e.def.AbstractSaveEventListener - executing identity-insert immediately
17:18:25.682 [main] DEBUG org.hibernate.jdbc.AbstractBatcher - about to open PreparedStatement (open PreparedStatements: 0, globally: 0)
17:18:25.683 [main] DEBUG org.hibernate.SQL - 
    insert 
    into
        data_price
        (id, company_id, date, price) 
    values
        (default, ?, ?, ?)
Hibernate: 
    insert 
    into
        data_price
        (id, company_id, date, price) 
    values
        (default, ?, ?, ?)
17:18:25.683 [main] DEBUG o.h.id.IdentifierGeneratorHelper - Natively generated identity: 69
17:18:25.683 [main] DEBUG org.hibernate.jdbc.AbstractBatcher - about to close PreparedStatement (open PreparedStatements: 1, globally: 1)
JSW
17:18:25.683 [main] DEBUG o.s.b.f.s.DefaultListableBeanFactory - Returning cached instance of singleton bean 'transactionManager'
17:18:25.683 [main] DEBUG o.s.orm.jpa.JpaTransactionManager - Found thread-bound EntityManager [org.hibernate.ejb.EntityManagerImpl@2fb82978] for JPA transaction
17:18:25.683 [main] DEBUG o.s.orm.jpa.JpaTransactionManager - Participating in existing transaction
17:18:25.683 [main] DEBUG o.h.e.def.AbstractSaveEventListener - executing identity-insert immediately
17:18:25.683 [main] DEBUG org.hibernate.jdbc.AbstractBatcher - about to open PreparedStatement (open PreparedStatements: 0, globally: 0)
17:18:25.684 [main] DEBUG org.hibernate.SQL - 
    insert 
    into
        data_price
        (id, company_id, date, price) 
    values
        (default, ?, ?, ?)
Hibernate: 
    insert 
    into
        data_price
        (id, company_id, date, price) 
    values
        (default, ?, ?, ?)
17:18:25.684 [main] DEBUG o.h.id.IdentifierGeneratorHelper - Natively generated identity: 70
17:18:25.684 [main] DEBUG org.hibernate.jdbc.AbstractBatcher - about to close PreparedStatement (open PreparedStatements: 1, globally: 1)
TPSA
17:18:25.684 [main] DEBUG o.s.orm.jpa.JpaTransactionManager - Initiating transaction rollback
17:18:25.684 [main] DEBUG o.s.orm.jpa.JpaTransactionManager - Rolling back JPA transaction on EntityManager [org.hibernate.ejb.EntityManagerImpl@2fb82978]
17:18:25.684 [main] DEBUG o.h.transaction.JDBCTransaction - rollback
17:18:25.685 [main] DEBUG o.h.transaction.JDBCTransaction - re-enabling autocommit
17:18:25.685 [main] DEBUG o.h.transaction.JDBCTransaction - rolled back JDBC Connection
17:18:25.685 [main] DEBUG org.hibernate.jdbc.ConnectionManager - aggressively releasing JDBC connection
17:18:25.685 [main] DEBUG org.hibernate.jdbc.ConnectionManager - releasing JDBC connection [ (open PreparedStatements: 0, globally: 0) (open ResultSets: 0, globally: 0)]
17:18:25.685 [main] DEBUG o.s.orm.jpa.JpaTransactionManager - Closing JPA EntityManager [org.hibernate.ejb.EntityManagerImpl@2fb82978] after transaction
17:18:25.685 [main] DEBUG o.s.o.jpa.EntityManagerFactoryUtils - Closing JPA EntityManager
17:18:25.685 [main] DEBUG o.s.t.c.s.DirtiesContextTestExecutionListener - After test method: context [DefaultTestContext@5b580e04 testClass = StockBrokerTest, testInstance = pl.dominika.stockbroker_test.StockBrokerTest@60d2cd99, testMethod = testShouldBuySharesFromInvestor@StockBrokerTest, testException = java.lang.IndexOutOfBoundsException: Index: 1, Size: 1, mergedContextConfiguration = [MergedContextConfiguration@746dfccb testClass = StockBrokerTest, locations = '{classpath:/spring/test-context.xml}', classes = '{}', contextInitializerClasses = '[]', activeProfiles = '{}', propertySourceLocations = '{}', propertySourceProperties = '{}', contextLoader = 'org.springframework.test.context.support.DelegatingSmartContextLoader', parent = [null]]], class dirties context [false], class mode [null], method dirties context [false].
]]></system-out>
  </testcase>
</testsuite>