<?xml version="1.0" encoding="UTF-8"?>
<testsuite name="pl.dominika.calendar_test.CalendarTest" time="0.164" tests="1" errors="1" skipped="0" failures="0">
  <properties>
[...]
</properties>
  <testcase name="testShouldAdddates" classname="pl.dominika.calendar_test.CalendarTest" time="0.164">
    <error message="Index: 1, Size: 1" type="java.lang.IndexOutOfBoundsException">java.lang.IndexOutOfBoundsException: Index: 1, Size: 1
	at java.util.ArrayList.rangeCheck(ArrayList.java:635)
	at java.util.ArrayList.get(ArrayList.java:411)
	at pl.dominika.service.impl.CSVReaderImpl.convertArray2Objects(CSVReaderImpl.java:62)
	at pl.dominika.service.impl.CSVReaderImpl.readCSV(CSVReaderImpl.java:40)
	at sun.reflect.NativeMethodAccessorImpl.invoke0(Native Method)
	at sun.reflect.NativeMethodAccessorImpl.invoke(NativeMethodAccessorImpl.java:57)
	at sun.reflect.DelegatingMethodAccessorImpl.invoke(DelegatingMethodAccessorImpl.java:43)
	at java.lang.reflect.Method.invoke(Method.java:606)
	at org.springframework.aop.support.AopUtils.invokeJoinpointUsingReflection(AopUtils.java:317)
	at org.springframework.aop.framework.ReflectiveMethodInvocation.invokeJoinpoint(ReflectiveMethodInvocation.java:190)
	at org.springframework.aop.framework.ReflectiveMethodInvocation.proceed(ReflectiveMethodInvocation.java:157)
	at org.springframework.transaction.interceptor.TransactionInterceptor$1.proceedWithInvocation(TransactionInterceptor.java:98)
	at org.springframework.transaction.interceptor.TransactionAspectSupport.invokeWithinTransaction(TransactionAspectSupport.java:262)
	at org.springframework.transaction.interceptor.TransactionInterceptor.invoke(TransactionInterceptor.java:95)
	at org.springframework.aop.framework.ReflectiveMethodInvocation.proceed(ReflectiveMethodInvocation.java:179)
	at org.springframework.aop.framework.JdkDynamicAopProxy.invoke(JdkDynamicAopProxy.java:207)
	at com.sun.proxy.$Proxy40.readCSV(Unknown Source)
	at pl.dominika.calendar_test.CalendarTest.testShouldAdddates(CalendarTest.java:34)
</error>
    <system-out><![CDATA[17:18:22.235 [main] DEBUG o.s.t.c.j.SpringJUnit4ClassRunner - SpringJUnit4ClassRunner constructor called with [class pl.dominika.calendar_test.CalendarTest].
17:18:22.257 [main] DEBUG o.s.test.context.BootstrapUtils - Instantiating TestContextBootstrapper from class [org.springframework.test.context.support.DefaultTestContextBootstrapper]
17:18:22.289 [main] DEBUG o.s.t.c.s.AbstractDelegatingSmartContextLoader - Delegating to GenericXmlContextLoader to process context configuration [ContextConfigurationAttributes@645d9aa2 declaringClass = 'pl.dominika.calendar_test.CalendarTest', classes = '{}', locations = '{../../../spring/test-context.xml}', inheritLocations = true, initializers = '{}', inheritInitializers = true, name = [null], contextLoaderClass = 'org.springframework.test.context.ContextLoader'].
17:18:22.293 [main] DEBUG o.s.t.c.support.ActiveProfilesUtils - Could not find an 'annotation declaring class' for annotation type [org.springframework.test.context.ActiveProfiles] and class [pl.dominika.calendar_test.CalendarTest]
17:18:22.299 [main] DEBUG o.s.t.c.s.DefaultTestContextBootstrapper - @TestExecutionListeners is not present for class [pl.dominika.calendar_test.CalendarTest]: using defaults.
17:18:22.306 [main] INFO  o.s.t.c.s.DefaultTestContextBootstrapper - Loaded default TestExecutionListener class names from location [META-INF/spring.factories]: [org.springframework.test.context.web.ServletTestExecutionListener, org.springframework.test.context.support.DependencyInjectionTestExecutionListener, org.springframework.test.context.support.DirtiesContextTestExecutionListener, org.springframework.test.context.transaction.TransactionalTestExecutionListener, org.springframework.test.context.jdbc.SqlScriptsTestExecutionListener]
17:18:22.326 [main] INFO  o.s.t.c.s.DefaultTestContextBootstrapper - Could not instantiate TestExecutionListener [org.springframework.test.context.web.ServletTestExecutionListener]. Specify custom listener classes or make the default listener classes (and their required dependencies) available. Offending class: [javax/servlet/ServletContext]
17:18:22.329 [main] INFO  o.s.t.c.s.DefaultTestContextBootstrapper - Using TestExecutionListeners: [org.springframework.test.context.support.DependencyInjectionTestExecutionListener@614b5446, org.springframework.test.context.support.DirtiesContextTestExecutionListener@1889f191, org.springframework.test.context.transaction.TransactionalTestExecutionListener@852732d, org.springframework.test.context.jdbc.SqlScriptsTestExecutionListener@5d07939f]
17:18:22.332 [main] DEBUG o.s.t.c.j.SpringJUnit4ClassRunner - SpringJUnit4ClassRunner constructor called with [class pl.dominika.investor_test.InvestorTest].
17:18:22.332 [main] DEBUG o.s.test.context.BootstrapUtils - Instantiating TestContextBootstrapper from class [org.springframework.test.context.support.DefaultTestContextBootstrapper]
17:18:22.334 [main] DEBUG o.s.t.c.s.AbstractDelegatingSmartContextLoader - Delegating to GenericXmlContextLoader to process context configuration [ContextConfigurationAttributes@5c78bca declaringClass = 'pl.dominika.investor_test.InvestorTest', classes = '{}', locations = '{../../../spring/test-context.xml}', inheritLocations = true, initializers = '{}', inheritInitializers = true, name = [null], contextLoaderClass = 'org.springframework.test.context.ContextLoader'].
17:18:22.335 [main] DEBUG o.s.t.c.support.ActiveProfilesUtils - Could not find an 'annotation declaring class' for annotation type [org.springframework.test.context.ActiveProfiles] and class [pl.dominika.investor_test.InvestorTest]
17:18:22.335 [main] DEBUG o.s.t.c.s.DefaultTestContextBootstrapper - @TestExecutionListeners is not present for class [pl.dominika.investor_test.InvestorTest]: using defaults.
17:18:22.337 [main] INFO  o.s.t.c.s.DefaultTestContextBootstrapper - Loaded default TestExecutionListener class names from location [META-INF/spring.factories]: [org.springframework.test.context.web.ServletTestExecutionListener, org.springframework.test.context.support.DependencyInjectionTestExecutionListener, org.springframework.test.context.support.DirtiesContextTestExecutionListener, org.springframework.test.context.transaction.TransactionalTestExecutionListener, org.springframework.test.context.jdbc.SqlScriptsTestExecutionListener]
17:18:22.339 [main] INFO  o.s.t.c.s.DefaultTestContextBootstrapper - Could not instantiate TestExecutionListener [org.springframework.test.context.web.ServletTestExecutionListener]. Specify custom listener classes or make the default listener classes (and their required dependencies) available. Offending class: [javax/servlet/ServletContext]
17:18:22.339 [main] INFO  o.s.t.c.s.DefaultTestContextBootstrapper - Using TestExecutionListeners: [org.springframework.test.context.support.DependencyInjectionTestExecutionListener@100a384, org.springframework.test.context.support.DirtiesContextTestExecutionListener@50ef2f9f, org.springframework.test.context.transaction.TransactionalTestExecutionListener@71f993c, org.springframework.test.context.jdbc.SqlScriptsTestExecutionListener@2b8535cb]
17:18:22.341 [main] DEBUG o.s.t.c.j.SpringJUnit4ClassRunner - SpringJUnit4ClassRunner constructor called with [class pl.dominika.stockbroker_test.StockBrokerTest].
17:18:22.342 [main] DEBUG o.s.test.context.BootstrapUtils - Instantiating TestContextBootstrapper from class [org.springframework.test.context.support.DefaultTestContextBootstrapper]
17:18:22.343 [main] DEBUG o.s.t.c.s.AbstractDelegatingSmartContextLoader - Delegating to GenericXmlContextLoader to process context configuration [ContextConfigurationAttributes@37fe883b declaringClass = 'pl.dominika.stockbroker_test.StockBrokerTest', classes = '{}', locations = '{../../../spring/test-context.xml}', inheritLocations = true, initializers = '{}', inheritInitializers = true, name = [null], contextLoaderClass = 'org.springframework.test.context.ContextLoader'].
17:18:22.344 [main] DEBUG o.s.t.c.support.ActiveProfilesUtils - Could not find an 'annotation declaring class' for annotation type [org.springframework.test.context.ActiveProfiles] and class [pl.dominika.stockbroker_test.StockBrokerTest]
17:18:22.345 [main] DEBUG o.s.t.c.s.DefaultTestContextBootstrapper - @TestExecutionListeners is not present for class [pl.dominika.stockbroker_test.StockBrokerTest]: using defaults.
17:18:22.347 [main] INFO  o.s.t.c.s.DefaultTestContextBootstrapper - Loaded default TestExecutionListener class names from location [META-INF/spring.factories]: [org.springframework.test.context.web.ServletTestExecutionListener, org.springframework.test.context.support.DependencyInjectionTestExecutionListener, org.springframework.test.context.support.DirtiesContextTestExecutionListener, org.springframework.test.context.transaction.TransactionalTestExecutionListener, org.springframework.test.context.jdbc.SqlScriptsTestExecutionListener]
17:18:22.348 [main] INFO  o.s.t.c.s.DefaultTestContextBootstrapper - Could not instantiate TestExecutionListener [org.springframework.test.context.web.ServletTestExecutionListener]. Specify custom listener classes or make the default listener classes (and their required dependencies) available. Offending class: [javax/servlet/ServletContext]
17:18:22.349 [main] INFO  o.s.t.c.s.DefaultTestContextBootstrapper - Using TestExecutionListeners: [org.springframework.test.context.support.DependencyInjectionTestExecutionListener@3fc3530c, org.springframework.test.context.support.DirtiesContextTestExecutionListener@30815988, org.springframework.test.context.transaction.TransactionalTestExecutionListener@7c1d0898, org.springframework.test.context.jdbc.SqlScriptsTestExecutionListener@561f72d0]
17:18:22.351 [main] DEBUG o.s.t.c.j.SpringJUnit4ClassRunner - SpringJUnit4ClassRunner constructor called with [class pl.dominika.strategy_test.StrategyTest].
17:18:22.352 [main] DEBUG o.s.test.context.BootstrapUtils - Instantiating TestContextBootstrapper from class [org.springframework.test.context.support.DefaultTestContextBootstrapper]
17:18:22.353 [main] DEBUG o.s.t.c.s.AbstractDelegatingSmartContextLoader - Delegating to GenericXmlContextLoader to process context configuration [ContextConfigurationAttributes@3e557638 declaringClass = 'pl.dominika.strategy_test.StrategyTest', classes = '{}', locations = '{../../../spring/test-context.xml}', inheritLocations = true, initializers = '{}', inheritInitializers = true, name = [null], contextLoaderClass = 'org.springframework.test.context.ContextLoader'].
17:18:22.354 [main] DEBUG o.s.t.c.support.ActiveProfilesUtils - Could not find an 'annotation declaring class' for annotation type [org.springframework.test.context.ActiveProfiles] and class [pl.dominika.strategy_test.StrategyTest]
17:18:22.354 [main] DEBUG o.s.t.c.s.DefaultTestContextBootstrapper - @TestExecutionListeners is not present for class [pl.dominika.strategy_test.StrategyTest]: using defaults.
17:18:22.356 [main] INFO  o.s.t.c.s.DefaultTestContextBootstrapper - Loaded default TestExecutionListener class names from location [META-INF/spring.factories]: [org.springframework.test.context.web.ServletTestExecutionListener, org.springframework.test.context.support.DependencyInjectionTestExecutionListener, org.springframework.test.context.support.DirtiesContextTestExecutionListener, org.springframework.test.context.transaction.TransactionalTestExecutionListener, org.springframework.test.context.jdbc.SqlScriptsTestExecutionListener]
17:18:22.359 [main] INFO  o.s.t.c.s.DefaultTestContextBootstrapper - Could not instantiate TestExecutionListener [org.springframework.test.context.web.ServletTestExecutionListener]. Specify custom listener classes or make the default listener classes (and their required dependencies) available. Offending class: [javax/servlet/ServletContext]
17:18:22.360 [main] INFO  o.s.t.c.s.DefaultTestContextBootstrapper - Using TestExecutionListeners: [org.springframework.test.context.support.DependencyInjectionTestExecutionListener@60d5ad52, org.springframework.test.context.support.DirtiesContextTestExecutionListener@6c661428, org.springframework.test.context.transaction.TransactionalTestExecutionListener@21b585b1, org.springframework.test.context.jdbc.SqlScriptsTestExecutionListener@145c38c1]
17:18:22.363 [main] DEBUG o.s.t.c.j.SpringJUnit4ClassRunner - SpringJUnit4ClassRunner constructor called with [class pl.dominika.wallet_test.WalletImplTest].
17:18:22.364 [main] DEBUG o.s.test.context.BootstrapUtils - Instantiating TestContextBootstrapper from class [org.springframework.test.context.support.DefaultTestContextBootstrapper]
17:18:22.366 [main] DEBUG o.s.t.c.s.AbstractDelegatingSmartContextLoader - Delegating to GenericXmlContextLoader to process context configuration [ContextConfigurationAttributes@595ee3d declaringClass = 'pl.dominika.wallet_test.WalletImplTest', classes = '{}', locations = '{../../../spring/test-context.xml}', inheritLocations = true, initializers = '{}', inheritInitializers = true, name = [null], contextLoaderClass = 'org.springframework.test.context.ContextLoader'].
17:18:22.367 [main] DEBUG o.s.t.c.support.ActiveProfilesUtils - Could not find an 'annotation declaring class' for annotation type [org.springframework.test.context.ActiveProfiles] and class [pl.dominika.wallet_test.WalletImplTest]
17:18:22.367 [main] DEBUG o.s.t.c.s.DefaultTestContextBootstrapper - @TestExecutionListeners is not present for class [pl.dominika.wallet_test.WalletImplTest]: using defaults.
17:18:22.369 [main] INFO  o.s.t.c.s.DefaultTestContextBootstrapper - Loaded default TestExecutionListener class names from location [META-INF/spring.factories]: [org.springframework.test.context.web.ServletTestExecutionListener, org.springframework.test.context.support.DependencyInjectionTestExecutionListener, org.springframework.test.context.support.DirtiesContextTestExecutionListener, org.springframework.test.context.transaction.TransactionalTestExecutionListener, org.springframework.test.context.jdbc.SqlScriptsTestExecutionListener]
17:18:22.370 [main] INFO  o.s.t.c.s.DefaultTestContextBootstrapper - Could not instantiate TestExecutionListener [org.springframework.test.context.web.ServletTestExecutionListener]. Specify custom listener classes or make the default listener classes (and their required dependencies) available. Offending class: [javax/servlet/ServletContext]
17:18:22.370 [main] INFO  o.s.t.c.s.DefaultTestContextBootstrapper - Using TestExecutionListeners: [org.springframework.test.context.support.DependencyInjectionTestExecutionListener@541767f1, org.springframework.test.context.support.DirtiesContextTestExecutionListener@4ca92a58, org.springframework.test.context.transaction.TransactionalTestExecutionListener@761b1eb9, org.springframework.test.context.jdbc.SqlScriptsTestExecutionListener@6e7e4042]
17:18:22.373 [main] DEBUG o.s.t.annotation.ProfileValueUtils - Retrieved @ProfileValueSourceConfiguration [null] for test class [pl.dominika.calendar_test.CalendarTest]
17:18:22.374 [main] DEBUG o.s.t.annotation.ProfileValueUtils - Retrieved ProfileValueSource type [class org.springframework.test.annotation.SystemProfileValueSource] for class [pl.dominika.calendar_test.CalendarTest]
17:18:22.375 [main] DEBUG o.s.t.annotation.ProfileValueUtils - Retrieved @ProfileValueSourceConfiguration [null] for test class [pl.dominika.investor_test.InvestorTest]
17:18:22.375 [main] DEBUG o.s.t.annotation.ProfileValueUtils - Retrieved ProfileValueSource type [class org.springframework.test.annotation.SystemProfileValueSource] for class [pl.dominika.investor_test.InvestorTest]
17:18:22.375 [main] DEBUG o.s.t.annotation.ProfileValueUtils - Retrieved @ProfileValueSourceConfiguration [null] for test class [pl.dominika.stockbroker_test.StockBrokerTest]
17:18:22.375 [main] DEBUG o.s.t.annotation.ProfileValueUtils - Retrieved ProfileValueSource type [class org.springframework.test.annotation.SystemProfileValueSource] for class [pl.dominika.stockbroker_test.StockBrokerTest]
17:18:22.376 [main] DEBUG o.s.t.annotation.ProfileValueUtils - Retrieved @ProfileValueSourceConfiguration [null] for test class [pl.dominika.strategy_test.StrategyTest]
17:18:22.376 [main] DEBUG o.s.t.annotation.ProfileValueUtils - Retrieved ProfileValueSource type [class org.springframework.test.annotation.SystemProfileValueSource] for class [pl.dominika.strategy_test.StrategyTest]
17:18:22.377 [main] DEBUG o.s.t.annotation.ProfileValueUtils - Retrieved @ProfileValueSourceConfiguration [null] for test class [pl.dominika.wallet_test.WalletImplTest]
17:18:22.377 [main] DEBUG o.s.t.annotation.ProfileValueUtils - Retrieved ProfileValueSource type [class org.springframework.test.annotation.SystemProfileValueSource] for class [pl.dominika.wallet_test.WalletImplTest]
17:18:22.380 [main] DEBUG o.s.t.c.j.SpringJUnit4ClassRunner - SpringJUnit4ClassRunner constructor called with [class pl.dominika.calendar_test.CalendarTest].
17:18:22.381 [main] DEBUG o.s.test.context.BootstrapUtils - Instantiating TestContextBootstrapper from class [org.springframework.test.context.support.DefaultTestContextBootstrapper]
17:18:22.382 [main] DEBUG o.s.t.c.s.AbstractDelegatingSmartContextLoader - Delegating to GenericXmlContextLoader to process context configuration [ContextConfigurationAttributes@33af751c declaringClass = 'pl.dominika.calendar_test.CalendarTest', classes = '{}', locations = '{../../../spring/test-context.xml}', inheritLocations = true, initializers = '{}', inheritInitializers = true, name = [null], contextLoaderClass = 'org.springframework.test.context.ContextLoader'].
17:18:22.383 [main] DEBUG o.s.t.c.support.ActiveProfilesUtils - Could not find an 'annotation declaring class' for annotation type [org.springframework.test.context.ActiveProfiles] and class [pl.dominika.calendar_test.CalendarTest]
17:18:22.383 [main] DEBUG o.s.t.c.s.DefaultTestContextBootstrapper - @TestExecutionListeners is not present for class [pl.dominika.calendar_test.CalendarTest]: using defaults.
17:18:22.385 [main] INFO  o.s.t.c.s.DefaultTestContextBootstrapper - Loaded default TestExecutionListener class names from location [META-INF/spring.factories]: [org.springframework.test.context.web.ServletTestExecutionListener, org.springframework.test.context.support.DependencyInjectionTestExecutionListener, org.springframework.test.context.support.DirtiesContextTestExecutionListener, org.springframework.test.context.transaction.TransactionalTestExecutionListener, org.springframework.test.context.jdbc.SqlScriptsTestExecutionListener]
17:18:22.386 [main] INFO  o.s.t.c.s.DefaultTestContextBootstrapper - Could not instantiate TestExecutionListener [org.springframework.test.context.web.ServletTestExecutionListener]. Specify custom listener classes or make the default listener classes (and their required dependencies) available. Offending class: [javax/servlet/ServletContext]
17:18:22.386 [main] INFO  o.s.t.c.s.DefaultTestContextBootstrapper - Using TestExecutionListeners: [org.springframework.test.context.support.DependencyInjectionTestExecutionListener@21b5c5b3, org.springframework.test.context.support.DirtiesContextTestExecutionListener@24c67c0f, org.springframework.test.context.transaction.TransactionalTestExecutionListener@62facfa5, org.springframework.test.context.jdbc.SqlScriptsTestExecutionListener@40568c67]
17:18:22.386 [main] DEBUG o.s.t.annotation.ProfileValueUtils - Retrieved @ProfileValueSourceConfiguration [null] for test class [pl.dominika.calendar_test.CalendarTest]
17:18:22.386 [main] DEBUG o.s.t.annotation.ProfileValueUtils - Retrieved ProfileValueSource type [class org.springframework.test.annotation.SystemProfileValueSource] for class [pl.dominika.calendar_test.CalendarTest]
17:18:22.388 [main] DEBUG o.s.t.annotation.ProfileValueUtils - Retrieved @ProfileValueSourceConfiguration [null] for test class [pl.dominika.calendar_test.CalendarTest]
17:18:22.388 [main] DEBUG o.s.t.annotation.ProfileValueUtils - Retrieved ProfileValueSource type [class org.springframework.test.annotation.SystemProfileValueSource] for class [pl.dominika.calendar_test.CalendarTest]
17:18:22.391 [main] DEBUG o.s.t.annotation.ProfileValueUtils - Retrieved @ProfileValueSourceConfiguration [null] for test class [pl.dominika.calendar_test.CalendarTest]
17:18:22.391 [main] DEBUG o.s.t.annotation.ProfileValueUtils - Retrieved ProfileValueSource type [class org.springframework.test.annotation.SystemProfileValueSource] for class [pl.dominika.calendar_test.CalendarTest]
17:18:22.394 [main] DEBUG o.s.t.c.s.DependencyInjectionTestExecutionListener - Performing dependency injection for test context [[DefaultTestContext@542ebbbd testClass = CalendarTest, testInstance = pl.dominika.calendar_test.CalendarTest@4827a078, testMethod = [null], testException = [null], mergedContextConfiguration = [MergedContextConfiguration@21984b4a testClass = CalendarTest, locations = '{classpath:/spring/test-context.xml}', classes = '{}', contextInitializerClasses = '[]', activeProfiles = '{}', propertySourceLocations = '{}', propertySourceProperties = '{}', contextLoader = 'org.springframework.test.context.support.DelegatingSmartContextLoader', parent = [null]]]].
17:18:22.394 [main] DEBUG o.s.t.c.s.AbstractDelegatingSmartContextLoader - Delegating to GenericXmlContextLoader to load context from [MergedContextConfiguration@21984b4a testClass = CalendarTest, locations = '{classpath:/spring/test-context.xml}', classes = '{}', contextInitializerClasses = '[]', activeProfiles = '{}', propertySourceLocations = '{}', propertySourceProperties = '{}', contextLoader = 'org.springframework.test.context.support.DelegatingSmartContextLoader', parent = [null]].
17:18:22.394 [main] DEBUG o.s.t.c.s.AbstractGenericContextLoader - Loading ApplicationContext for merged context configuration [[MergedContextConfiguration@21984b4a testClass = CalendarTest, locations = '{classpath:/spring/test-context.xml}', classes = '{}', contextInitializerClasses = '[]', activeProfiles = '{}', propertySourceLocations = '{}', propertySourceProperties = '{}', contextLoader = 'org.springframework.test.context.support.DelegatingSmartContextLoader', parent = [null]]].
17:18:22.531 [main] DEBUG o.s.core.env.StandardEnvironment - Adding [systemProperties] PropertySource with lowest search precedence
17:18:22.534 [main] DEBUG o.s.core.env.StandardEnvironment - Adding [systemEnvironment] PropertySource with lowest search precedence
17:18:22.534 [main] DEBUG o.s.core.env.StandardEnvironment - Initialized StandardEnvironment with PropertySources [systemProperties,systemEnvironment]
17:18:22.545 [main] INFO  o.s.b.f.xml.XmlBeanDefinitionReader - Loading XML bean definitions from class path resource [spring/test-context.xml]
17:18:22.563 [main] DEBUG o.s.b.f.xml.DefaultDocumentLoader - Using JAXP provider [com.sun.org.apache.xerces.internal.jaxp.DocumentBuilderFactoryImpl]
17:18:22.591 [main] DEBUG o.s.b.f.xml.PluggableSchemaResolver - Loading schema mappings from [META-INF/spring.schemas]
17:18:22.594 [main] DEBUG o.s.b.f.xml.PluggableSchemaResolver - Loaded schema mappings: {http://www.springframework.org/schema/tx/spring-tx-2.5.xsd=org/springframework/transaction/config/spring-tx-2.5.xsd, http://www.springframework.org/schema/aop/spring-aop-4.1.xsd=org/springframework/aop/config/spring-aop-4.1.xsd, http://www.springframework.org/schema/context/spring-context-3.1.xsd=org/springframework/context/config/spring-context-3.1.xsd, http://www.springframework.org/schema/data/repository/spring-repository-1.4.xsd=org/springframework/data/repository/config/spring-repository-1.4.xsd, http://www.springframework.org/schema/jdbc/spring-jdbc-4.1.xsd=org/springframework/jdbc/config/spring-jdbc-4.1.xsd, http://www.springframework.org/schema/util/spring-util-3.0.xsd=org/springframework/beans/factory/xml/spring-util-3.0.xsd, http://www.springframework.org/schema/data/jpa/spring-jpa.xsd=org/springframework/data/jpa/repository/config/spring-jpa-1.3.xsd, http://www.springframework.org/schema/tool/spring-tool.xsd=org/springframework/beans/factory/xml/spring-tool-4.1.xsd, http://www.springframework.org/schema/aop/spring-aop-3.2.xsd=org/springframework/aop/config/spring-aop-3.2.xsd, http://www.springframework.org/schema/lang/spring-lang-4.1.xsd=org/springframework/scripting/config/spring-lang-4.1.xsd, http://www.springframework.org/schema/context/spring-context-4.0.xsd=org/springframework/context/config/spring-context-4.0.xsd, http://www.springframework.org/schema/tool/spring-tool-4.1.xsd=org/springframework/beans/factory/xml/spring-tool-4.1.xsd, http://www.springframework.org/schema/lang/spring-lang-3.2.xsd=org/springframework/scripting/config/spring-lang-3.2.xsd, http://www.springframework.org/schema/cache/spring-cache-3.2.xsd=org/springframework/cache/config/spring-cache-3.2.xsd, http://www.springframework.org/schema/jee/spring-jee-4.1.xsd=org/springframework/ejb/config/spring-jee-4.1.xsd, http://www.springframework.org/schema/jdbc/spring-jdbc-3.1.xsd=org/springframework/jdbc/config/spring-jdbc-3.1.xsd, http://www.springframework.org/schema/util/spring-util-2.0.xsd=org/springframework/beans/factory/xml/spring-util-2.0.xsd, http://www.springframework.org/schema/tool/spring-tool-3.2.xsd=org/springframework/beans/factory/xml/spring-tool-3.2.xsd, http://www.springframework.org/schema/context/spring-context.xsd=org/springframework/context/config/spring-context-4.1.xsd, http://www.springframework.org/schema/cache/spring-cache-4.1.xsd=org/springframework/cache/config/spring-cache-4.1.xsd, http://www.springframework.org/schema/aop/spring-aop-4.0.xsd=org/springframework/aop/config/spring-aop-4.0.xsd, http://www.springframework.org/schema/jee/spring-jee-3.2.xsd=org/springframework/ejb/config/spring-jee-3.2.xsd, http://www.springframework.org/schema/context/spring-context-3.0.xsd=org/springframework/context/config/spring-context-3.0.xsd, http://www.springframework.org/schema/jdbc/spring-jdbc-4.0.xsd=org/springframework/jdbc/config/spring-jdbc-4.0.xsd, http://www.springframework.org/schema/util/spring-util-2.5.xsd=org/springframework/beans/factory/xml/spring-util-2.5.xsd, http://www.springframework.org/schema/beans/spring-beans-3.2.xsd=org/springframework/beans/factory/xml/spring-beans-3.2.xsd, http://www.springframework.org/schema/aop/spring-aop-3.1.xsd=org/springframework/aop/config/spring-aop-3.1.xsd, http://www.springframework.org/schema/lang/spring-lang-4.0.xsd=org/springframework/scripting/config/spring-lang-4.0.xsd, http://www.springframework.org/schema/beans/spring-beans-4.1.xsd=org/springframework/beans/factory/xml/spring-beans-4.1.xsd, http://www.springframework.org/schema/tool/spring-tool-4.0.xsd=org/springframework/beans/factory/xml/spring-tool-4.0.xsd, http://www.springframework.org/schema/lang/spring-lang-3.1.xsd=org/springframework/scripting/config/spring-lang-3.1.xsd, http://www.springframework.org/schema/tx/spring-tx-3.2.xsd=org/springframework/transaction/config/spring-tx-3.2.xsd, http://www.springframework.org/schema/cache/spring-cache-3.1.xsd=org/springframework/cache/config/spring-cache-3.1.xsd, http://www.springframework.org/schema/jee/spring-jee-4.0.xsd=org/springframework/ejb/config/spring-jee-4.0.xsd, http://www.springframework.org/schema/jdbc/spring-jdbc-3.0.xsd=org/springframework/jdbc/config/spring-jdbc-3.0.xsd, http://www.springframework.org/schema/task/spring-task-4.1.xsd=org/springframework/scheduling/config/spring-task-4.1.xsd, http://www.springframework.org/schema/jdbc/spring-jdbc.xsd=org/springframework/jdbc/config/spring-jdbc-4.1.xsd, http://www.springframework.org/schema/tool/spring-tool-3.1.xsd=org/springframework/beans/factory/xml/spring-tool-3.1.xsd, http://www.springframework.org/schema/cache/spring-cache-4.0.xsd=org/springframework/cache/config/spring-cache-4.0.xsd, http://www.springframework.org/schema/jee/spring-jee-3.1.xsd=org/springframework/ejb/config/spring-jee-3.1.xsd, http://www.springframework.org/schema/task/spring-task-3.2.xsd=org/springframework/scheduling/config/spring-task-3.2.xsd, http://www.springframework.org/schema/beans/spring-beans-3.1.xsd=org/springframework/beans/factory/xml/spring-beans-3.1.xsd, http://www.springframework.org/schema/util/spring-util.xsd=org/springframework/beans/factory/xml/spring-util-4.1.xsd, http://www.springframework.org/schema/data/jpa/spring-jpa-1.3.xsd=org/springframework/data/jpa/repository/config/spring-jpa-1.3.xsd, http://www.springframework.org/schema/aop/spring-aop-3.0.xsd=org/springframework/aop/config/spring-aop-3.0.xsd, http://www.springframework.org/schema/data/repository/spring-repository.xsd=org/springframework/data/repository/config/spring-repository-1.7.xsd, http://www.springframework.org/schema/data/repository/spring-repository-1.7.xsd=org/springframework/data/repository/config/spring-repository-1.7.xsd, http://www.springframework.org/schema/beans/spring-beans-4.0.xsd=org/springframework/beans/factory/xml/spring-beans-4.0.xsd, http://www.springframework.org/schema/beans/spring-beans.xsd=org/springframework/beans/factory/xml/spring-beans-4.1.xsd, http://www.springframework.org/schema/lang/spring-lang-3.0.xsd=org/springframework/scripting/config/spring-lang-3.0.xsd, http://www.springframework.org/schema/tx/spring-tx-3.1.xsd=org/springframework/transaction/config/spring-tx-3.1.xsd, http://www.springframework.org/schema/context/spring-context-2.5.xsd=org/springframework/context/config/spring-context-2.5.xsd, http://www.springframework.org/schema/task/spring-task-4.0.xsd=org/springframework/scheduling/config/spring-task-4.0.xsd, http://www.springframework.org/schema/tool/spring-tool-3.0.xsd=org/springframework/beans/factory/xml/spring-tool-3.0.xsd, http://www.springframework.org/schema/tx/spring-tx-4.0.xsd=org/springframework/transaction/config/spring-tx-4.0.xsd, http://www.springframework.org/schema/aop/spring-aop-2.0.xsd=org/springframework/aop/config/spring-aop-2.0.xsd, http://www.springframework.org/schema/jee/spring-jee-3.0.xsd=org/springframework/ejb/config/spring-jee-3.0.xsd, http://www.springframework.org/schema/task/spring-task-3.1.xsd=org/springframework/scheduling/config/spring-task-3.1.xsd, http://www.springframework.org/schema/util/spring-util-4.1.xsd=org/springframework/beans/factory/xml/spring-util-4.1.xsd, http://www.springframework.org/schema/beans/spring-beans-3.0.xsd=org/springframework/beans/factory/xml/spring-beans-3.0.xsd, http://www.springframework.org/schema/data/jpa/spring-jpa-1.2.xsd=org/springframework/data/jpa/repository/config/spring-jpa-1.2.xsd, http://www.springframework.org/schema/jee/spring-jee.xsd=org/springframework/ejb/config/spring-jee-4.1.xsd, http://www.springframework.org/schema/aop/spring-aop-2.5.xsd=org/springframework/aop/config/spring-aop-2.5.xsd, http://www.springframework.org/schema/lang/spring-lang-2.0.xsd=org/springframework/scripting/config/spring-lang-2.0.xsd, http://www.springframework.org/schema/data/repository/spring-repository-1.6.xsd=org/springframework/data/repository/config/spring-repository-1.6.xsd, http://www.springframework.org/schema/util/spring-util-3.2.xsd=org/springframework/beans/factory/xml/spring-util-3.2.xsd, http://www.springframework.org/schema/task/spring-task.xsd=org/springframework/scheduling/config/spring-task-4.1.xsd, http://www.springframework.org/schema/tool/spring-tool-2.0.xsd=org/springframework/beans/factory/xml/spring-tool-2.0.xsd, http://www.springframework.org/schema/lang/spring-lang-2.5.xsd=org/springframework/scripting/config/spring-lang-2.5.xsd, http://www.springframework.org/schema/tx/spring-tx-3.0.xsd=org/springframework/transaction/config/spring-tx-3.0.xsd, http://www.springframework.org/schema/jee/spring-jee-2.0.xsd=org/springframework/ejb/config/spring-jee-2.0.xsd, http://www.springframework.org/schema/tool/spring-tool-2.5.xsd=org/springframework/beans/factory/xml/spring-tool-2.5.xsd, http://www.springframework.org/schema/jee/spring-jee-2.5.xsd=org/springframework/ejb/config/spring-jee-2.5.xsd, http://www.springframework.org/schema/data/repository/spring-repository-1.0.xsd=org/springframework/data/repository/config/spring-repository-1.0.xsd, http://www.springframework.org/schema/task/spring-task-3.0.xsd=org/springframework/scheduling/config/spring-task-3.0.xsd, http://www.springframework.org/schema/util/spring-util-4.0.xsd=org/springframework/beans/factory/xml/spring-util-4.0.xsd, http://www.springframework.org/schema/data/jpa/spring-jpa-1.1.xsd=org/springframework/data/jpa/repository/config/spring-jpa-1.1.xsd, http://www.springframework.org/schema/lang/spring-lang.xsd=org/springframework/scripting/config/spring-lang-4.1.xsd, http://www.springframework.org/schema/context/spring-context-3.2.xsd=org/springframework/context/config/spring-context-3.2.xsd, http://www.springframework.org/schema/data/repository/spring-repository-1.5.xsd=org/springframework/data/repository/config/spring-repository-1.5.xsd, http://www.springframework.org/schema/util/spring-util-3.1.xsd=org/springframework/beans/factory/xml/spring-util-3.1.xsd, http://www.springframework.org/schema/beans/spring-beans-2.0.xsd=org/springframework/beans/factory/xml/spring-beans-2.0.xsd, http://www.springframework.org/schema/cache/spring-cache.xsd=org/springframework/cache/config/spring-cache-4.1.xsd, http://www.springframework.org/schema/tx/spring-tx.xsd=org/springframework/transaction/config/spring-tx-4.0.xsd, http://www.springframework.org/schema/context/spring-context-4.1.xsd=org/springframework/context/config/spring-context-4.1.xsd, http://www.springframework.org/schema/beans/spring-beans-2.5.xsd=org/springframework/beans/factory/xml/spring-beans-2.5.xsd, http://www.springframework.org/schema/tx/spring-tx-2.0.xsd=org/springframework/transaction/config/spring-tx-2.0.xsd, http://www.springframework.org/schema/jdbc/spring-jdbc-3.2.xsd=org/springframework/jdbc/config/spring-jdbc-3.2.xsd, http://www.springframework.org/schema/aop/spring-aop.xsd=org/springframework/aop/config/spring-aop-4.1.xsd, http://www.springframework.org/schema/data/jpa/spring-jpa-1.0.xsd=org/springframework/data/jpa/repository/config/spring-jpa-1.0.xsd}
17:18:22.595 [main] DEBUG o.s.b.f.xml.PluggableSchemaResolver - Found XML schema [http://www.springframework.org/schema/beans/spring-beans.xsd] in classpath: org/springframework/beans/factory/xml/spring-beans-4.1.xsd
17:18:22.653 [main] DEBUG o.s.b.f.xml.PluggableSchemaResolver - Found XML schema [http://www.springframework.org/schema/context/spring-context-2.5.xsd] in classpath: org/springframework/context/config/spring-context-2.5.xsd
17:18:22.662 [main] DEBUG o.s.b.f.xml.PluggableSchemaResolver - Found XML schema [http://www.springframework.org/schema/tool/spring-tool-2.5.xsd] in classpath: org/springframework/beans/factory/xml/spring-tool-2.5.xsd
17:18:22.671 [main] DEBUG o.s.b.f.xml.PluggableSchemaResolver - Found XML schema [http://www.springframework.org/schema/tx/spring-tx.xsd] in classpath: org/springframework/transaction/config/spring-tx-4.0.xsd
17:18:22.684 [main] DEBUG o.s.b.f.x.DefaultBeanDefinitionDocumentReader - Loading bean definitions
17:18:22.695 [main] INFO  o.s.b.f.xml.XmlBeanDefinitionReader - Loading XML bean definitions from class path resource [spring/dao-context.xml]
17:18:22.697 [main] DEBUG o.s.b.f.xml.DefaultDocumentLoader - Using JAXP provider [com.sun.org.apache.xerces.internal.jaxp.DocumentBuilderFactoryImpl]
17:18:22.699 [main] DEBUG o.s.b.f.xml.PluggableSchemaResolver - Found XML schema [http://www.springframework.org/schema/beans/spring-beans.xsd] in classpath: org/springframework/beans/factory/xml/spring-beans-4.1.xsd
17:18:22.729 [main] DEBUG o.s.b.f.xml.PluggableSchemaResolver - Found XML schema [http://www.springframework.org/schema/util/spring-util.xsd] in classpath: org/springframework/beans/factory/xml/spring-util-4.1.xsd
17:18:22.735 [main] DEBUG o.s.b.f.xml.PluggableSchemaResolver - Found XML schema [http://www.springframework.org/schema/tool/spring-tool-4.1.xsd] in classpath: org/springframework/beans/factory/xml/spring-tool-4.1.xsd
17:18:22.742 [main] DEBUG o.s.b.f.xml.PluggableSchemaResolver - Found XML schema [http://www.springframework.org/schema/jdbc/spring-jdbc.xsd] in classpath: org/springframework/jdbc/config/spring-jdbc-4.1.xsd
17:18:22.750 [main] DEBUG o.s.b.f.xml.PluggableSchemaResolver - Found XML schema [http://www.springframework.org/schema/data/jpa/spring-jpa.xsd] in classpath: org/springframework/data/jpa/repository/config/spring-jpa-1.3.xsd
17:18:22.753 [main] DEBUG o.s.b.f.xml.PluggableSchemaResolver - Found XML schema [http://www.springframework.org/schema/data/repository/spring-repository.xsd] in classpath: org/springframework/data/repository/config/spring-repository-1.7.xsd
17:18:22.760 [main] DEBUG o.s.b.f.xml.PluggableSchemaResolver - Found XML schema [http://www.springframework.org/schema/context/spring-context.xsd] in classpath: org/springframework/context/config/spring-context-4.1.xsd
17:18:22.774 [main] DEBUG o.s.b.f.x.DefaultBeanDefinitionDocumentReader - Loading bean definitions
17:18:22.778 [main] DEBUG o.s.b.f.x.DefaultNamespaceHandlerResolver - Loaded NamespaceHandler mappings: {http://www.springframework.org/schema/p=org.springframework.beans.factory.xml.SimplePropertyNamespaceHandler, http://www.springframework.org/schema/util=org.springframework.beans.factory.xml.UtilNamespaceHandler, http://www.springframework.org/schema/jee=org.springframework.ejb.config.JeeNamespaceHandler, http://www.springframework.org/schema/aop=org.springframework.aop.config.AopNamespaceHandler, http://www.springframework.org/schema/jdbc=org.springframework.jdbc.config.JdbcNamespaceHandler, http://www.springframework.org/schema/data/repository=org.springframework.data.repository.config.RepositoryNameSpaceHandler, http://www.springframework.org/schema/data/jpa=org.springframework.data.jpa.repository.config.JpaRepositoryNameSpaceHandler, http://www.springframework.org/schema/cache=org.springframework.cache.config.CacheNamespaceHandler, http://www.springframework.org/schema/c=org.springframework.beans.factory.xml.SimpleConstructorNamespaceHandler, http://www.springframework.org/schema/tx=org.springframework.transaction.config.TxNamespaceHandler, http://www.springframework.org/schema/task=org.springframework.scheduling.config.TaskNamespaceHandler, http://www.springframework.org/schema/lang=org.springframework.scripting.config.LangNamespaceHandler, http://www.springframework.org/schema/context=org.springframework.context.config.ContextNamespaceHandler}
17:18:22.825 [main] DEBUG o.s.core.env.StandardEnvironment - Adding [systemProperties] PropertySource with lowest search precedence
17:18:22.826 [main] DEBUG o.s.core.env.StandardEnvironment - Adding [systemEnvironment] PropertySource with lowest search precedence
17:18:22.826 [main] DEBUG o.s.core.env.StandardEnvironment - Initialized StandardEnvironment with PropertySources [systemProperties,systemEnvironment]
17:18:22.830 [main] DEBUG o.s.c.i.s.PathMatchingResourcePatternResolver - Looking for matching resources in jar file [file:/C:/Users/dpurszke/.m2/repository/org/springframework/data/spring-data-jpa/1.7.2.RELEASE/spring-data-jpa-1.7.2.RELEASE.jar]
17:18:22.841 [main] DEBUG o.s.c.i.s.PathMatchingResourcePatternResolver - Looking for matching resources in jar file [file:/C:/Users/dpurszke/.m2/repository/org/springframework/data/spring-data-commons/1.9.2.RELEASE/spring-data-commons-1.9.2.RELEASE.jar]
17:18:22.860 [main] DEBUG o.s.c.i.s.PathMatchingResourcePatternResolver - Resolved location pattern [classpath*:org/springframework/data/**/repository/support/**/*.class] to resources [URL [jar:file:/C:/Users/dpurszke/.m2/repository/org/springframework/data/spring-data-jpa/1.7.2.RELEASE/spring-data-jpa-1.7.2.RELEASE.jar!/org/springframework/data/jpa/repository/support/EntityManagerBeanDefinitionRegistrarPostProcessor.class], URL [jar:file:/C:/Users/dpurszke/.m2/repository/org/springframework/data/spring-data-jpa/1.7.2.RELEASE/spring-data-jpa-1.7.2.RELEASE.jar!/org/springframework/data/jpa/repository/support/QueryDslJpaRepository.class], URL [jar:file:/C:/Users/dpurszke/.m2/repository/org/springframework/data/spring-data-jpa/1.7.2.RELEASE/spring-data-jpa-1.7.2.RELEASE.jar!/org/springframework/data/jpa/repository/support/JpaMetamodelEntityInformation$IdMetadata.class], URL [jar:file:/C:/Users/dpurszke/.m2/repository/org/springframework/data/spring-data-jpa/1.7.2.RELEASE/spring-data-jpa-1.7.2.RELEASE.jar!/org/springframework/data/jpa/repository/support/JpaRepositoryFactoryBean.class], URL [jar:file:/C:/Users/dpurszke/.m2/repository/org/springframework/data/spring-data-jpa/1.7.2.RELEASE/spring-data-jpa-1.7.2.RELEASE.jar!/org/springframework/data/jpa/repository/support/JpaPersistableEntityInformation.class], URL [jar:file:/C:/Users/dpurszke/.m2/repository/org/springframework/data/spring-data-jpa/1.7.2.RELEASE/spring-data-jpa-1.7.2.RELEASE.jar!/org/springframework/data/jpa/repository/support/CrudMethodMetadataPostProcessor$CrudMethodMetadataPopulatingMethodIntercceptor.class], URL [jar:file:/C:/Users/dpurszke/.m2/repository/org/springframework/data/spring-data-jpa/1.7.2.RELEASE/spring-data-jpa-1.7.2.RELEASE.jar!/org/springframework/data/jpa/repository/support/CrudMethodMetadataPostProcessor.class], URL [jar:file:/C:/Users/dpurszke/.m2/repository/org/springframework/data/spring-data-jpa/1.7.2.RELEASE/spring-data-jpa-1.7.2.RELEASE.jar!/org/springframework/data/jpa/repository/support/Querydsl.class], URL [jar:file:/C:/Users/dpurszke/.m2/repository/org/springframework/data/spring-data-jpa/1.7.2.RELEASE/spring-data-jpa-1.7.2.RELEASE.jar!/org/springframework/data/jpa/repository/support/CrudMethodMetadataPostProcessor$1.class], URL [jar:file:/C:/Users/dpurszke/.m2/repository/org/springframework/data/spring-data-jpa/1.7.2.RELEASE/spring-data-jpa-1.7.2.RELEASE.jar!/org/springframework/data/jpa/repository/support/PersistenceProvider$4.class], URL [jar:file:/C:/Users/dpurszke/.m2/repository/org/springframework/data/spring-data-jpa/1.7.2.RELEASE/spring-data-jpa-1.7.2.RELEASE.jar!/org/springframework/data/jpa/repository/support/CrudMethodMetadataPostProcessor$DefaultCrudMethodMetadata.class], URL [jar:file:/C:/Users/dpurszke/.m2/repository/org/springframework/data/spring-data-jpa/1.7.2.RELEASE/spring-data-jpa-1.7.2.RELEASE.jar!/org/springframework/data/jpa/repository/support/PersistenceProvider$3.class], URL [jar:file:/C:/Users/dpurszke/.m2/repository/org/springframework/data/spring-data-jpa/1.7.2.RELEASE/spring-data-jpa-1.7.2.RELEASE.jar!/org/springframework/data/jpa/repository/support/PersistenceProvider$2.class], URL [jar:file:/C:/Users/dpurszke/.m2/repository/org/springframework/data/spring-data-jpa/1.7.2.RELEASE/spring-data-jpa-1.7.2.RELEASE.jar!/org/springframework/data/jpa/repository/support/QueryDslRepositorySupport.class], URL [jar:file:/C:/Users/dpurszke/.m2/repository/org/springframework/data/spring-data-jpa/1.7.2.RELEASE/spring-data-jpa-1.7.2.RELEASE.jar!/org/springframework/data/jpa/repository/support/PersistenceProvider.class], URL [jar:file:/C:/Users/dpurszke/.m2/repository/org/springframework/data/spring-data-jpa/1.7.2.RELEASE/spring-data-jpa-1.7.2.RELEASE.jar!/org/springframework/data/jpa/repository/support/CrudMethodMetadata.class], URL [jar:file:/C:/Users/dpurszke/.m2/repository/org/springframework/data/spring-data-jpa/1.7.2.RELEASE/spring-data-jpa-1.7.2.RELEASE.jar!/org/springframework/data/jpa/repository/support/CrudMethodMetadataPostProcessor$ThreadBoundTargetSource.class], URL [jar:file:/C:/Users/dpurszke/.m2/repository/org/springframework/data/spring-data-jpa/1.7.2.RELEASE/spring-data-jpa-1.7.2.RELEASE.jar!/org/springframework/data/jpa/repository/support/JpaEntityInformationSupport.class], URL [jar:file:/C:/Users/dpurszke/.m2/repository/org/springframework/data/spring-data-jpa/1.7.2.RELEASE/spring-data-jpa-1.7.2.RELEASE.jar!/org/springframework/data/jpa/repository/support/JpaEntityInformation.class], URL [jar:file:/C:/Users/dpurszke/.m2/repository/org/springframework/data/spring-data-jpa/1.7.2.RELEASE/spring-data-jpa-1.7.2.RELEASE.jar!/org/springframework/data/jpa/repository/support/SimpleJpaRepository$ByIdsSpecification.class], URL [jar:file:/C:/Users/dpurszke/.m2/repository/org/springframework/data/spring-data-jpa/1.7.2.RELEASE/spring-data-jpa-1.7.2.RELEASE.jar!/org/springframework/data/jpa/repository/support/JpaRepositoryFactory.class], URL [jar:file:/C:/Users/dpurszke/.m2/repository/org/springframework/data/spring-data-jpa/1.7.2.RELEASE/spring-data-jpa-1.7.2.RELEASE.jar!/org/springframework/data/jpa/repository/support/JpaMetamodelEntityInformation$IdentifierDerivingDirectFieldAccessFallbackBeanWrapper.class], URL [jar:file:/C:/Users/dpurszke/.m2/repository/org/springframework/data/spring-data-jpa/1.7.2.RELEASE/spring-data-jpa-1.7.2.RELEASE.jar!/org/springframework/data/jpa/repository/support/Querydsl$1.class], URL [jar:file:/C:/Users/dpurszke/.m2/repository/org/springframework/data/spring-data-jpa/1.7.2.RELEASE/spring-data-jpa-1.7.2.RELEASE.jar!/org/springframework/data/jpa/repository/support/PersistenceProvider$1.class], URL [jar:file:/C:/Users/dpurszke/.m2/repository/org/springframework/data/spring-data-jpa/1.7.2.RELEASE/spring-data-jpa-1.7.2.RELEASE.jar!/org/springframework/data/jpa/repository/support/PersistenceProvider$Constants.class], URL [jar:file:/C:/Users/dpurszke/.m2/repository/org/springframework/data/spring-data-jpa/1.7.2.RELEASE/spring-data-jpa-1.7.2.RELEASE.jar!/org/springframework/data/jpa/repository/support/JpaMetamodelEntityInformation.class], URL [jar:file:/C:/Users/dpurszke/.m2/repository/org/springframework/data/spring-data-jpa/1.7.2.RELEASE/spring-data-jpa-1.7.2.RELEASE.jar!/org/springframework/data/jpa/repository/support/SimpleJpaRepository.class], URL [jar:file:/C:/Users/dpurszke/.m2/repository/org/springframework/data/spring-data-commons/1.9.2.RELEASE/spring-data-commons-1.9.2.RELEASE.jar!/org/springframework/data/repository/support/Repositories$EmptyRepositoryFactoryInformation.class], URL [jar:file:/C:/Users/dpurszke/.m2/repository/org/springframework/data/spring-data-commons/1.9.2.RELEASE/spring-data-commons-1.9.2.RELEASE.jar!/org/springframework/data/repository/support/DomainClassPropertyEditorRegistrar.class], URL [jar:file:/C:/Users/dpurszke/.m2/repository/org/springframework/data/spring-data-commons/1.9.2.RELEASE/spring-data-commons-1.9.2.RELEASE.jar!/org/springframework/data/repository/support/CrudRepositoryInvoker.class], URL [jar:file:/C:/Users/dpurszke/.m2/repository/org/springframework/data/spring-data-commons/1.9.2.RELEASE/spring-data-commons-1.9.2.RELEASE.jar!/org/springframework/data/repository/support/Repositories.class], URL [jar:file:/C:/Users/dpurszke/.m2/repository/org/springframework/data/spring-data-commons/1.9.2.RELEASE/spring-data-commons-1.9.2.RELEASE.jar!/org/springframework/data/repository/support/ReflectionRepositoryInvoker.class], URL [jar:file:/C:/Users/dpurszke/.m2/repository/org/springframework/data/spring-data-commons/1.9.2.RELEASE/spring-data-commons-1.9.2.RELEASE.jar!/org/springframework/data/repository/support/DomainClassPropertyEditor.class], URL [jar:file:/C:/Users/dpurszke/.m2/repository/org/springframework/data/spring-data-commons/1.9.2.RELEASE/spring-data-commons-1.9.2.RELEASE.jar!/org/springframework/data/repository/support/DomainClassConverter.class]]
17:18:22.930 [main] DEBUG o.s.c.a.ClassPathScanningCandidateComponentProvider - Identified candidate component class: URL [jar:file:/C:/Users/dpurszke/.m2/repository/org/springframework/data/spring-data-jpa/1.7.2.RELEASE/spring-data-jpa-1.7.2.RELEASE.jar!/org/springframework/data/jpa/repository/support/JpaRepositoryFactory.class]
17:18:22.963 [main] DEBUG o.s.core.env.StandardEnvironment - Adding [systemProperties] PropertySource with lowest search precedence
17:18:22.963 [main] DEBUG o.s.core.env.StandardEnvironment - Adding [systemEnvironment] PropertySource with lowest search precedence
17:18:22.964 [main] DEBUG o.s.core.env.StandardEnvironment - Initialized StandardEnvironment with PropertySources [systemProperties,systemEnvironment]
17:18:22.970 [main] DEBUG o.s.c.i.s.PathMatchingResourcePatternResolver - Looking for matching resources in jar file [file:/C:/Users/dpurszke/Desktop/workspace/stock-game/stock-game-dao/target/stock-game-dao-0.0.1-SNAPSHOT.jar]
17:18:22.971 [main] DEBUG o.s.c.i.s.PathMatchingResourcePatternResolver - Resolved location pattern [classpath*:pl/dominika/dao/**/*.class] to resources [URL [jar:file:/C:/Users/dpurszke/Desktop/workspace/stock-game/stock-game-dao/target/stock-game-dao-0.0.1-SNAPSHOT.jar!/pl/dominika/dao/CompanyRepository.class], URL [jar:file:/C:/Users/dpurszke/Desktop/workspace/stock-game/stock-game-dao/target/stock-game-dao-0.0.1-SNAPSHOT.jar!/pl/dominika/dao/DataPriceRepository.class]]
17:18:22.976 [main] DEBUG o.s.d.r.c.RepositoryComponentProvider - Identified candidate component class: URL [jar:file:/C:/Users/dpurszke/Desktop/workspace/stock-game/stock-game-dao/target/stock-game-dao-0.0.1-SNAPSHOT.jar!/pl/dominika/dao/CompanyRepository.class]
17:18:22.984 [main] DEBUG o.s.d.r.c.RepositoryComponentProvider - Identified candidate component class: URL [jar:file:/C:/Users/dpurszke/Desktop/workspace/stock-game/stock-game-dao/target/stock-game-dao-0.0.1-SNAPSHOT.jar!/pl/dominika/dao/DataPriceRepository.class]
17:18:22.998 [main] DEBUG o.s.core.env.StandardEnvironment - Adding [systemProperties] PropertySource with lowest search precedence
17:18:22.998 [main] DEBUG o.s.core.env.StandardEnvironment - Adding [systemEnvironment] PropertySource with lowest search precedence
17:18:22.998 [main] DEBUG o.s.core.env.StandardEnvironment - Initialized StandardEnvironment with PropertySources [systemProperties,systemEnvironment]
17:18:23.001 [main] DEBUG o.s.c.i.s.PathMatchingResourcePatternResolver - Looking for matching resources in jar file [file:/C:/Users/dpurszke/Desktop/workspace/stock-game/stock-game-dao/target/stock-game-dao-0.0.1-SNAPSHOT.jar]
17:18:23.002 [main] DEBUG o.s.c.i.s.PathMatchingResourcePatternResolver - Resolved location pattern [classpath*:pl/dominika/dao/**/*DataPriceRepositoryImpl.class] to resources []
17:18:23.019 [main] DEBUG o.s.d.r.c.RepositoryConfigurationDelegate - Spring Data JPA - Registering repository: dataPriceRepository - Interface: pl.dominika.dao.DataPriceRepository - Factory: org.springframework.data.jpa.repository.support.JpaRepositoryFactoryBean
17:18:23.022 [main] DEBUG o.s.core.env.StandardEnvironment - Adding [systemProperties] PropertySource with lowest search precedence
17:18:23.022 [main] DEBUG o.s.core.env.StandardEnvironment - Adding [systemEnvironment] PropertySource with lowest search precedence
17:18:23.022 [main] DEBUG o.s.core.env.StandardEnvironment - Initialized StandardEnvironment with PropertySources [systemProperties,systemEnvironment]
17:18:23.023 [main] DEBUG o.s.c.i.s.PathMatchingResourcePatternResolver - Looking for matching resources in jar file [file:/C:/Users/dpurszke/Desktop/workspace/stock-game/stock-game-dao/target/stock-game-dao-0.0.1-SNAPSHOT.jar]
17:18:23.023 [main] DEBUG o.s.c.i.s.PathMatchingResourcePatternResolver - Resolved location pattern [classpath*:pl/dominika/dao/**/*CompanyRepositoryImpl.class] to resources []
17:18:23.024 [main] DEBUG o.s.d.r.c.RepositoryConfigurationDelegate - Spring Data JPA - Registering repository: companyRepository - Interface: pl.dominika.dao.CompanyRepository - Factory: org.springframework.data.jpa.repository.support.JpaRepositoryFactoryBean
17:18:23.025 [main] DEBUG o.s.b.f.xml.XmlBeanDefinitionReader - Loaded 9 bean definitions from location pattern [classpath:spring/dao-context.xml]
17:18:23.025 [main] DEBUG o.s.b.f.x.DefaultBeanDefinitionDocumentReader - Imported 9 bean definitions from URL location [classpath:spring/dao-context.xml]
17:18:23.039 [main] DEBUG o.s.c.a.ClassPathBeanDefinitionScanner - JSR-330 'javax.inject.Named' annotation found and supported for component scanning
17:18:23.044 [main] DEBUG o.s.c.i.s.PathMatchingResourcePatternResolver - Looking for matching resources in directory tree [C:\Users\dpurszke\Desktop\workspace\stock-game\stock-game-service\target\test-classes\pl\dominika]
17:18:23.044 [main] DEBUG o.s.c.i.s.PathMatchingResourcePatternResolver - Searching directory [C:\Users\dpurszke\Desktop\workspace\stock-game\stock-game-service\target\test-classes\pl\dominika] for files matching pattern [C:/Users/dpurszke/Desktop/workspace/stock-game/stock-game-service/target/test-classes/pl/dominika/**/*.class]
17:18:23.045 [main] DEBUG o.s.c.i.s.PathMatchingResourcePatternResolver - Searching directory [C:\Users\dpurszke\Desktop\workspace\stock-game\stock-game-service\target\test-classes\pl\dominika\calendar_test] for files matching pattern [C:/Users/dpurszke/Desktop/workspace/stock-game/stock-game-service/target/test-classes/pl/dominika/**/*.class]
17:18:23.046 [main] DEBUG o.s.c.i.s.PathMatchingResourcePatternResolver - Searching directory [C:\Users\dpurszke\Desktop\workspace\stock-game\stock-game-service\target\test-classes\pl\dominika\investor_test] for files matching pattern [C:/Users/dpurszke/Desktop/workspace/stock-game/stock-game-service/target/test-classes/pl/dominika/**/*.class]
17:18:23.047 [main] DEBUG o.s.c.i.s.PathMatchingResourcePatternResolver - Searching directory [C:\Users\dpurszke\Desktop\workspace\stock-game\stock-game-service\target\test-classes\pl\dominika\stockbroker_test] for files matching pattern [C:/Users/dpurszke/Desktop/workspace/stock-game/stock-game-service/target/test-classes/pl/dominika/**/*.class]
17:18:23.047 [main] DEBUG o.s.c.i.s.PathMatchingResourcePatternResolver - Searching directory [C:\Users\dpurszke\Desktop\workspace\stock-game\stock-game-service\target\test-classes\pl\dominika\strategy_test] for files matching pattern [C:/Users/dpurszke/Desktop/workspace/stock-game/stock-game-service/target/test-classes/pl/dominika/**/*.class]
17:18:23.048 [main] DEBUG o.s.c.i.s.PathMatchingResourcePatternResolver - Searching directory [C:\Users\dpurszke\Desktop\workspace\stock-game\stock-game-service\target\test-classes\pl\dominika\wallet_test] for files matching pattern [C:/Users/dpurszke/Desktop/workspace/stock-game/stock-game-service/target/test-classes/pl/dominika/**/*.class]
17:18:23.050 [main] DEBUG o.s.c.i.s.PathMatchingResourcePatternResolver - Looking for matching resources in directory tree [C:\Users\dpurszke\Desktop\workspace\stock-game\stock-game-service\target\classes\pl\dominika]
17:18:23.050 [main] DEBUG o.s.c.i.s.PathMatchingResourcePatternResolver - Searching directory [C:\Users\dpurszke\Desktop\workspace\stock-game\stock-game-service\target\classes\pl\dominika] for files matching pattern [C:/Users/dpurszke/Desktop/workspace/stock-game/stock-game-service/target/classes/pl/dominika/**/*.class]
17:18:23.051 [main] DEBUG o.s.c.i.s.PathMatchingResourcePatternResolver - Searching directory [C:\Users\dpurszke\Desktop\workspace\stock-game\stock-game-service\target\classes\pl\dominika\calendar] for files matching pattern [C:/Users/dpurszke/Desktop/workspace/stock-game/stock-game-service/target/classes/pl/dominika/**/*.class]
17:18:23.052 [main] DEBUG o.s.c.i.s.PathMatchingResourcePatternResolver - Searching directory [C:\Users\dpurszke\Desktop\workspace\stock-game\stock-game-service\target\classes\pl\dominika\exception] for files matching pattern [C:/Users/dpurszke/Desktop/workspace/stock-game/stock-game-service/target/classes/pl/dominika/**/*.class]
17:18:23.052 [main] DEBUG o.s.c.i.s.PathMatchingResourcePatternResolver - Searching directory [C:\Users\dpurszke\Desktop\workspace\stock-game\stock-game-service\target\classes\pl\dominika\game] for files matching pattern [C:/Users/dpurszke/Desktop/workspace/stock-game/stock-game-service/target/classes/pl/dominika/**/*.class]
17:18:23.053 [main] DEBUG o.s.c.i.s.PathMatchingResourcePatternResolver - Searching directory [C:\Users\dpurszke\Desktop\workspace\stock-game\stock-game-service\target\classes\pl\dominika\investor] for files matching pattern [C:/Users/dpurszke/Desktop/workspace/stock-game/stock-game-service/target/classes/pl/dominika/**/*.class]
17:18:23.054 [main] DEBUG o.s.c.i.s.PathMatchingResourcePatternResolver - Searching directory [C:\Users\dpurszke\Desktop\workspace\stock-game\stock-game-service\target\classes\pl\dominika\mapper] for files matching pattern [C:/Users/dpurszke/Desktop/workspace/stock-game/stock-game-service/target/classes/pl/dominika/**/*.class]
17:18:23.054 [main] DEBUG o.s.c.i.s.PathMatchingResourcePatternResolver - Searching directory [C:\Users\dpurszke\Desktop\workspace\stock-game\stock-game-service\target\classes\pl\dominika\service] for files matching pattern [C:/Users/dpurszke/Desktop/workspace/stock-game/stock-game-service/target/classes/pl/dominika/**/*.class]
17:18:23.055 [main] DEBUG o.s.c.i.s.PathMatchingResourcePatternResolver - Searching directory [C:\Users\dpurszke\Desktop\workspace\stock-game\stock-game-service\target\classes\pl\dominika\service\impl] for files matching pattern [C:/Users/dpurszke/Desktop/workspace/stock-game/stock-game-service/target/classes/pl/dominika/**/*.class]
17:18:23.056 [main] DEBUG o.s.c.i.s.PathMatchingResourcePatternResolver - Searching directory [C:\Users\dpurszke\Desktop\workspace\stock-game\stock-game-service\target\classes\pl\dominika\stockbroker] for files matching pattern [C:/Users/dpurszke/Desktop/workspace/stock-game/stock-game-service/target/classes/pl/dominika/**/*.class]
17:18:23.056 [main] DEBUG o.s.c.i.s.PathMatchingResourcePatternResolver - Searching directory [C:\Users\dpurszke\Desktop\workspace\stock-game\stock-game-service\target\classes\pl\dominika\strategy] for files matching pattern [C:/Users/dpurszke/Desktop/workspace/stock-game/stock-game-service/target/classes/pl/dominika/**/*.class]
17:18:23.057 [main] DEBUG o.s.c.i.s.PathMatchingResourcePatternResolver - Searching directory [C:\Users\dpurszke\Desktop\workspace\stock-game\stock-game-service\target\classes\pl\dominika\to] for files matching pattern [C:/Users/dpurszke/Desktop/workspace/stock-game/stock-game-service/target/classes/pl/dominika/**/*.class]
17:18:23.058 [main] DEBUG o.s.c.i.s.PathMatchingResourcePatternResolver - Searching directory [C:\Users\dpurszke\Desktop\workspace\stock-game\stock-game-service\target\classes\pl\dominika\wallet] for files matching pattern [C:/Users/dpurszke/Desktop/workspace/stock-game/stock-game-service/target/classes/pl/dominika/**/*.class]
17:18:23.060 [main] DEBUG o.s.c.i.s.PathMatchingResourcePatternResolver - Looking for matching resources in jar file [file:/C:/Users/dpurszke/Desktop/workspace/stock-game/stock-game-dao/target/stock-game-dao-0.0.1-SNAPSHOT.jar]
17:18:23.060 [main] DEBUG o.s.c.i.s.PathMatchingResourcePatternResolver - Looking for matching resources in jar file [file:/C:/Users/dpurszke/Desktop/workspace/stock-game/stock-game-model/target/stock-game-model-0.0.1-SNAPSHOT.jar]
17:18:23.061 [main] DEBUG o.s.c.i.s.PathMatchingResourcePatternResolver - Resolved location pattern [classpath*:pl/dominika/**/*.class] to resources [file [C:\Users\dpurszke\Desktop\workspace\stock-game\stock-game-service\target\test-classes\pl\dominika\calendar_test\CalendarTest.class], file [C:\Users\dpurszke\Desktop\workspace\stock-game\stock-game-service\target\test-classes\pl\dominika\investor_test\InvestorTest.class], file [C:\Users\dpurszke\Desktop\workspace\stock-game\stock-game-service\target\test-classes\pl\dominika\stockbroker_test\StockBrokerTest.class], file [C:\Users\dpurszke\Desktop\workspace\stock-game\stock-game-service\target\test-classes\pl\dominika\strategy_test\StrategyTest.class], file [C:\Users\dpurszke\Desktop\workspace\stock-game\stock-game-service\target\test-classes\pl\dominika\wallet_test\WalletImplTest.class], file [C:\Users\dpurszke\Desktop\workspace\stock-game\stock-game-service\target\classes\pl\dominika\calendar\CalendarImpl.class], file [C:\Users\dpurszke\Desktop\workspace\stock-game\stock-game-service\target\classes\pl\dominika\calendar\MyCalendar.class], file [C:\Users\dpurszke\Desktop\workspace\stock-game\stock-game-service\target\classes\pl\dominika\exception\GameOverException.class], file [C:\Users\dpurszke\Desktop\workspace\stock-game\stock-game-service\target\classes\pl\dominika\game\Game.class], file [C:\Users\dpurszke\Desktop\workspace\stock-game\stock-game-service\target\classes\pl\dominika\investor\Investor.class], file [C:\Users\dpurszke\Desktop\workspace\stock-game\stock-game-service\target\classes\pl\dominika\mapper\Mapper.class], file [C:\Users\dpurszke\Desktop\workspace\stock-game\stock-game-service\target\classes\pl\dominika\service\impl\CSVReader.class], file [C:\Users\dpurszke\Desktop\workspace\stock-game\stock-game-service\target\classes\pl\dominika\service\impl\CSVReaderImpl.class], file [C:\Users\dpurszke\Desktop\workspace\stock-game\stock-game-service\target\classes\pl\dominika\stockbroker\StockBroker.class], file [C:\Users\dpurszke\Desktop\workspace\stock-game\stock-game-service\target\classes\pl\dominika\stockbroker\StockBrokerImpl.class], file [C:\Users\dpurszke\Desktop\workspace\stock-game\stock-game-service\target\classes\pl\dominika\strategy\StrategyInterface.class], file [C:\Users\dpurszke\Desktop\workspace\stock-game\stock-game-service\target\classes\pl\dominika\strategy\StrategyRandom.class], file [C:\Users\dpurszke\Desktop\workspace\stock-game\stock-game-service\target\classes\pl\dominika\to\MoneyTo.class], file [C:\Users\dpurszke\Desktop\workspace\stock-game\stock-game-service\target\classes\pl\dominika\to\ShareTo.class], file [C:\Users\dpurszke\Desktop\workspace\stock-game\stock-game-service\target\classes\pl\dominika\wallet\Wallet.class], file [C:\Users\dpurszke\Desktop\workspace\stock-game\stock-game-service\target\classes\pl\dominika\wallet\WalletImpl.class], URL [jar:file:/C:/Users/dpurszke/Desktop/workspace/stock-game/stock-game-dao/target/stock-game-dao-0.0.1-SNAPSHOT.jar!/pl/dominika/dao/CompanyRepository.class], URL [jar:file:/C:/Users/dpurszke/Desktop/workspace/stock-game/stock-game-dao/target/stock-game-dao-0.0.1-SNAPSHOT.jar!/pl/dominika/dao/DataPriceRepository.class], URL [jar:file:/C:/Users/dpurszke/Desktop/workspace/stock-game/stock-game-model/target/stock-game-model-0.0.1-SNAPSHOT.jar!/pl/dominika/entity/CompanyEntity.class], URL [jar:file:/C:/Users/dpurszke/Desktop/workspace/stock-game/stock-game-model/target/stock-game-model-0.0.1-SNAPSHOT.jar!/pl/dominika/entity/DataPriceEntity.class]]
17:18:23.070 [main] DEBUG o.s.c.a.ClassPathBeanDefinitionScanner - Identified candidate component class: file [C:\Users\dpurszke\Desktop\workspace\stock-game\stock-game-service\target\classes\pl\dominika\calendar\CalendarImpl.class]
17:18:23.072 [main] DEBUG o.s.c.a.ClassPathBeanDefinitionScanner - Identified candidate component class: file [C:\Users\dpurszke\Desktop\workspace\stock-game\stock-game-service\target\classes\pl\dominika\investor\Investor.class]
17:18:23.074 [main] DEBUG o.s.c.a.ClassPathBeanDefinitionScanner - Identified candidate component class: file [C:\Users\dpurszke\Desktop\workspace\stock-game\stock-game-service\target\classes\pl\dominika\service\impl\CSVReaderImpl.class]
17:18:23.075 [main] DEBUG o.s.c.a.ClassPathBeanDefinitionScanner - Identified candidate component class: file [C:\Users\dpurszke\Desktop\workspace\stock-game\stock-game-service\target\classes\pl\dominika\stockbroker\StockBrokerImpl.class]
17:18:23.078 [main] DEBUG o.s.c.a.ClassPathBeanDefinitionScanner - Identified candidate component class: file [C:\Users\dpurszke\Desktop\workspace\stock-game\stock-game-service\target\classes\pl\dominika\wallet\WalletImpl.class]
17:18:23.080 [main] DEBUG o.s.c.a.ClassPathBeanDefinitionScanner - Ignored because not a concrete top-level class: URL [jar:file:/C:/Users/dpurszke/Desktop/workspace/stock-game/stock-game-dao/target/stock-game-dao-0.0.1-SNAPSHOT.jar!/pl/dominika/dao/DataPriceRepository.class]
17:18:23.097 [main] DEBUG o.s.c.a.ClassPathBeanDefinitionScanner - JSR-330 'javax.inject.Named' annotation found and supported for component scanning
17:18:23.097 [main] DEBUG o.s.c.i.s.PathMatchingResourcePatternResolver - Looking for matching resources in directory tree [C:\Users\dpurszke\Desktop\workspace\stock-game\stock-game-service\target\classes\pl\dominika\service\impl]
17:18:23.098 [main] DEBUG o.s.c.i.s.PathMatchingResourcePatternResolver - Searching directory [C:\Users\dpurszke\Desktop\workspace\stock-game\stock-game-service\target\classes\pl\dominika\service\impl] for files matching pattern [C:/Users/dpurszke/Desktop/workspace/stock-game/stock-game-service/target/classes/pl/dominika/service/impl/**/*.class]
17:18:23.098 [main] DEBUG o.s.c.i.s.PathMatchingResourcePatternResolver - Resolved location pattern [classpath*:pl/dominika/service/impl/**/*.class] to resources [file [C:\Users\dpurszke\Desktop\workspace\stock-game\stock-game-service\target\classes\pl\dominika\service\impl\CSVReader.class], file [C:\Users\dpurszke\Desktop\workspace\stock-game\stock-game-service\target\classes\pl\dominika\service\impl\CSVReaderImpl.class]]
17:18:23.100 [main] DEBUG o.s.c.a.ClassPathBeanDefinitionScanner - Identified candidate component class: file [C:\Users\dpurszke\Desktop\workspace\stock-game\stock-game-service\target\classes\pl\dominika\service\impl\CSVReaderImpl.class]
17:18:23.101 [main] DEBUG o.s.c.a.ClassPathBeanDefinitionScanner - JSR-330 'javax.inject.Named' annotation found and supported for component scanning
17:18:23.102 [main] DEBUG o.s.c.i.s.PathMatchingResourcePatternResolver - Looking for matching resources in directory tree [C:\Users\dpurszke\Desktop\workspace\stock-game\stock-game-service\target\classes\pl\dominika\stockbroker]
17:18:23.102 [main] DEBUG o.s.c.i.s.PathMatchingResourcePatternResolver - Searching directory [C:\Users\dpurszke\Desktop\workspace\stock-game\stock-game-service\target\classes\pl\dominika\stockbroker] for files matching pattern [C:/Users/dpurszke/Desktop/workspace/stock-game/stock-game-service/target/classes/pl/dominika/stockbroker/**/*.class]
17:18:23.103 [main] DEBUG o.s.c.i.s.PathMatchingResourcePatternResolver - Resolved location pattern [classpath*:pl/dominika/stockbroker/**/*.class] to resources [file [C:\Users\dpurszke\Desktop\workspace\stock-game\stock-game-service\target\classes\pl\dominika\stockbroker\StockBroker.class], file [C:\Users\dpurszke\Desktop\workspace\stock-game\stock-game-service\target\classes\pl\dominika\stockbroker\StockBrokerImpl.class]]
17:18:23.104 [main] DEBUG o.s.c.a.ClassPathBeanDefinitionScanner - Identified candidate component class: file [C:\Users\dpurszke\Desktop\workspace\stock-game\stock-game-service\target\classes\pl\dominika\stockbroker\StockBrokerImpl.class]
17:18:23.105 [main] DEBUG o.s.c.a.ClassPathBeanDefinitionScanner - JSR-330 'javax.inject.Named' annotation found and supported for component scanning
17:18:23.105 [main] DEBUG o.s.c.i.s.PathMatchingResourcePatternResolver - Looking for matching resources in directory tree [C:\Users\dpurszke\Desktop\workspace\stock-game\stock-game-service\target\classes\pl\dominika\wallet]
17:18:23.105 [main] DEBUG o.s.c.i.s.PathMatchingResourcePatternResolver - Searching directory [C:\Users\dpurszke\Desktop\workspace\stock-game\stock-game-service\target\classes\pl\dominika\wallet] for files matching pattern [C:/Users/dpurszke/Desktop/workspace/stock-game/stock-game-service/target/classes/pl/dominika/wallet/**/*.class]
17:18:23.106 [main] DEBUG o.s.c.i.s.PathMatchingResourcePatternResolver - Resolved location pattern [classpath*:pl/dominika/wallet/**/*.class] to resources [file [C:\Users\dpurszke\Desktop\workspace\stock-game\stock-game-service\target\classes\pl\dominika\wallet\Wallet.class], file [C:\Users\dpurszke\Desktop\workspace\stock-game\stock-game-service\target\classes\pl\dominika\wallet\WalletImpl.class]]
17:18:23.107 [main] DEBUG o.s.c.a.ClassPathBeanDefinitionScanner - Identified candidate component class: file [C:\Users\dpurszke\Desktop\workspace\stock-game\stock-game-service\target\classes\pl\dominika\wallet\WalletImpl.class]
17:18:23.108 [main] DEBUG o.s.c.a.ClassPathBeanDefinitionScanner - JSR-330 'javax.inject.Named' annotation found and supported for component scanning
17:18:23.108 [main] DEBUG o.s.c.i.s.PathMatchingResourcePatternResolver - Resolved location pattern [classpath*:pl/dominikastockbroker_test/**/*.class] to resources []
17:18:23.109 [main] DEBUG o.s.c.a.ClassPathBeanDefinitionScanner - JSR-330 'javax.inject.Named' annotation found and supported for component scanning
17:18:23.110 [main] DEBUG o.s.c.i.s.PathMatchingResourcePatternResolver - Looking for matching resources in directory tree [C:\Users\dpurszke\Desktop\workspace\stock-game\stock-game-service\target\classes\pl\dominika\calendar]
17:18:23.110 [main] DEBUG o.s.c.i.s.PathMatchingResourcePatternResolver - Searching directory [C:\Users\dpurszke\Desktop\workspace\stock-game\stock-game-service\target\classes\pl\dominika\calendar] for files matching pattern [C:/Users/dpurszke/Desktop/workspace/stock-game/stock-game-service/target/classes/pl/dominika/calendar/**/*.class]
17:18:23.110 [main] DEBUG o.s.c.i.s.PathMatchingResourcePatternResolver - Resolved location pattern [classpath*:pl/dominika/calendar/**/*.class] to resources [file [C:\Users\dpurszke\Desktop\workspace\stock-game\stock-game-service\target\classes\pl\dominika\calendar\CalendarImpl.class], file [C:\Users\dpurszke\Desktop\workspace\stock-game\stock-game-service\target\classes\pl\dominika\calendar\MyCalendar.class]]
17:18:23.111 [main] DEBUG o.s.c.a.ClassPathBeanDefinitionScanner - Identified candidate component class: file [C:\Users\dpurszke\Desktop\workspace\stock-game\stock-game-service\target\classes\pl\dominika\calendar\CalendarImpl.class]
17:18:23.133 [main] DEBUG o.s.b.f.x.BeanDefinitionParserDelegate - Neither XML 'id' nor 'name' specified - using generated bean name [org.springframework.orm.jpa.vendor.HibernateJpaVendorAdapter#7007cf85]
17:18:23.135 [main] DEBUG o.s.b.f.xml.XmlBeanDefinitionReader - Loaded 24 bean definitions from location pattern [classpath:/spring/test-context.xml]
17:18:23.148 [main] INFO  o.s.c.s.GenericApplicationContext - Refreshing org.springframework.context.support.GenericApplicationContext@6b776b55: startup date [Fri Dec 04 17:18:23 CET 2015]; root of context hierarchy
17:18:23.148 [main] DEBUG o.s.c.s.GenericApplicationContext - Bean factory for org.springframework.context.support.GenericApplicationContext@6b776b55: org.springframework.beans.factory.support.DefaultListableBeanFactory@10786bdf: defining beans [jpaProps,dataSource,org.springframework.data.jpa.repository.config.JpaRepositoryConfigExtension#0,org.springframework.data.repository.core.support.RepositoryInterfaceAwareBeanPostProcessor,foo,jpaMappingContext,org.springframework.context.annotation.internalPersistenceAnnotationProcessor,dataPriceRepository,companyRepository,calendarImpl,investor,stockBroker,stockBrokerImpl,walletImpl,org.springframework.context.annotation.internalConfigurationAnnotationProcessor,org.springframework.context.annotation.internalAutowiredAnnotationProcessor,org.springframework.context.annotation.internalRequiredAnnotationProcessor,org.springframework.context.annotation.internalCommonAnnotationProcessor,org.springframework.aop.config.internalAutoProxyCreator,org.springframework.transaction.annotation.AnnotationTransactionAttributeSource#0,org.springframework.transaction.interceptor.TransactionInterceptor#0,org.springframework.transaction.config.internalTransactionAdvisor,transactionManager,entityManagerFactory]; root of factory hierarchy
17:18:23.179 [main] DEBUG o.s.b.f.s.DefaultListableBeanFactory - Creating shared instance of singleton bean 'org.springframework.context.annotation.internalConfigurationAnnotationProcessor'
17:18:23.180 [main] DEBUG o.s.b.f.s.DefaultListableBeanFactory - Creating instance of bean 'org.springframework.context.annotation.internalConfigurationAnnotationProcessor'
17:18:23.196 [main] DEBUG o.s.b.f.s.DefaultListableBeanFactory - Eagerly caching bean 'org.springframework.context.annotation.internalConfigurationAnnotationProcessor' to allow for resolving potential circular references
17:18:23.199 [main] DEBUG o.s.b.f.s.DefaultListableBeanFactory - Finished creating instance of bean 'org.springframework.context.annotation.internalConfigurationAnnotationProcessor'
17:18:23.252 [main] DEBUG o.s.b.f.s.DefaultListableBeanFactory - Creating shared instance of singleton bean 'foo'
17:18:23.253 [main] DEBUG o.s.b.f.s.DefaultListableBeanFactory - Creating instance of bean 'foo'
17:18:23.253 [main] DEBUG o.s.b.f.s.DefaultListableBeanFactory - Eagerly caching bean 'foo' to allow for resolving potential circular references
17:18:23.253 [main] DEBUG o.s.b.f.s.DefaultListableBeanFactory - Finished creating instance of bean 'foo'
17:18:23.263 [main] DEBUG o.s.b.f.s.DefaultListableBeanFactory - Creating shared instance of singleton bean 'org.springframework.data.repository.core.support.RepositoryInterfaceAwareBeanPostProcessor'
17:18:23.263 [main] DEBUG o.s.b.f.s.DefaultListableBeanFactory - Creating instance of bean 'org.springframework.data.repository.core.support.RepositoryInterfaceAwareBeanPostProcessor'
17:18:23.263 [main] DEBUG o.s.b.f.s.DefaultListableBeanFactory - Eagerly caching bean 'org.springframework.data.repository.core.support.RepositoryInterfaceAwareBeanPostProcessor' to allow for resolving potential circular references
17:18:23.263 [main] DEBUG o.s.b.f.s.DefaultListableBeanFactory - Finished creating instance of bean 'org.springframework.data.repository.core.support.RepositoryInterfaceAwareBeanPostProcessor'
17:18:23.264 [main] DEBUG o.s.b.f.s.DefaultListableBeanFactory - Creating shared instance of singleton bean 'org.springframework.context.annotation.internalPersistenceAnnotationProcessor'
17:18:23.264 [main] DEBUG o.s.b.f.s.DefaultListableBeanFactory - Creating instance of bean 'org.springframework.context.annotation.internalPersistenceAnnotationProcessor'
17:18:23.264 [main] DEBUG o.s.b.f.s.DefaultListableBeanFactory - Eagerly caching bean 'org.springframework.context.annotation.internalPersistenceAnnotationProcessor' to allow for resolving potential circular references
17:18:23.264 [main] DEBUG o.s.b.f.s.DefaultListableBeanFactory - Finished creating instance of bean 'org.springframework.context.annotation.internalPersistenceAnnotationProcessor'
17:18:23.264 [main] DEBUG o.s.b.f.s.DefaultListableBeanFactory - Creating shared instance of singleton bean 'org.springframework.context.annotation.internalAutowiredAnnotationProcessor'
17:18:23.264 [main] DEBUG o.s.b.f.s.DefaultListableBeanFactory - Creating instance of bean 'org.springframework.context.annotation.internalAutowiredAnnotationProcessor'
17:18:23.265 [main] INFO  o.s.b.f.a.AutowiredAnnotationBeanPostProcessor - JSR-330 'javax.inject.Inject' annotation found and supported for autowiring
17:18:23.265 [main] DEBUG o.s.b.f.s.DefaultListableBeanFactory - Eagerly caching bean 'org.springframework.context.annotation.internalAutowiredAnnotationProcessor' to allow for resolving potential circular references
17:18:23.266 [main] DEBUG o.s.b.f.s.DefaultListableBeanFactory - Finished creating instance of bean 'org.springframework.context.annotation.internalAutowiredAnnotationProcessor'
17:18:23.266 [main] DEBUG o.s.b.f.s.DefaultListableBeanFactory - Creating shared instance of singleton bean 'org.springframework.context.annotation.internalRequiredAnnotationProcessor'
17:18:23.266 [main] DEBUG o.s.b.f.s.DefaultListableBeanFactory - Creating instance of bean 'org.springframework.context.annotation.internalRequiredAnnotationProcessor'
17:18:23.266 [main] DEBUG o.s.b.f.s.DefaultListableBeanFactory - Eagerly caching bean 'org.springframework.context.annotation.internalRequiredAnnotationProcessor' to allow for resolving potential circular references
17:18:23.266 [main] DEBUG o.s.b.f.s.DefaultListableBeanFactory - Finished creating instance of bean 'org.springframework.context.annotation.internalRequiredAnnotationProcessor'
17:18:23.266 [main] DEBUG o.s.b.f.s.DefaultListableBeanFactory - Creating shared instance of singleton bean 'org.springframework.context.annotation.internalCommonAnnotationProcessor'
17:18:23.266 [main] DEBUG o.s.b.f.s.DefaultListableBeanFactory - Creating instance of bean 'org.springframework.context.annotation.internalCommonAnnotationProcessor'
17:18:23.271 [main] DEBUG o.s.b.f.s.DefaultListableBeanFactory - Eagerly caching bean 'org.springframework.context.annotation.internalCommonAnnotationProcessor' to allow for resolving potential circular references
17:18:23.271 [main] DEBUG o.s.b.f.s.DefaultListableBeanFactory - Finished creating instance of bean 'org.springframework.context.annotation.internalCommonAnnotationProcessor'
17:18:23.271 [main] DEBUG o.s.b.f.s.DefaultListableBeanFactory - Creating shared instance of singleton bean 'org.springframework.context.annotation.ConfigurationClassPostProcessor.importAwareProcessor'
17:18:23.271 [main] DEBUG o.s.b.f.s.DefaultListableBeanFactory - Creating instance of bean 'org.springframework.context.annotation.ConfigurationClassPostProcessor.importAwareProcessor'
17:18:23.271 [main] DEBUG o.s.b.f.s.DefaultListableBeanFactory - Eagerly caching bean 'org.springframework.context.annotation.ConfigurationClassPostProcessor.importAwareProcessor' to allow for resolving potential circular references
17:18:23.271 [main] DEBUG o.s.b.f.s.DefaultListableBeanFactory - Finished creating instance of bean 'org.springframework.context.annotation.ConfigurationClassPostProcessor.importAwareProcessor'
17:18:23.272 [main] DEBUG o.s.b.f.s.DefaultListableBeanFactory - Creating shared instance of singleton bean 'org.springframework.context.annotation.ConfigurationClassPostProcessor.enhancedConfigurationProcessor'
17:18:23.272 [main] DEBUG o.s.b.f.s.DefaultListableBeanFactory - Creating instance of bean 'org.springframework.context.annotation.ConfigurationClassPostProcessor.enhancedConfigurationProcessor'
17:18:23.272 [main] DEBUG o.s.b.f.s.DefaultListableBeanFactory - Eagerly caching bean 'org.springframework.context.annotation.ConfigurationClassPostProcessor.enhancedConfigurationProcessor' to allow for resolving potential circular references
17:18:23.272 [main] DEBUG o.s.b.f.s.DefaultListableBeanFactory - Finished creating instance of bean 'org.springframework.context.annotation.ConfigurationClassPostProcessor.enhancedConfigurationProcessor'
17:18:23.272 [main] DEBUG o.s.b.f.s.DefaultListableBeanFactory - Creating shared instance of singleton bean 'org.springframework.aop.config.internalAutoProxyCreator'
17:18:23.272 [main] DEBUG o.s.b.f.s.DefaultListableBeanFactory - Creating instance of bean 'org.springframework.aop.config.internalAutoProxyCreator'
17:18:23.282 [main] DEBUG o.s.b.f.s.DefaultListableBeanFactory - Eagerly caching bean 'org.springframework.aop.config.internalAutoProxyCreator' to allow for resolving potential circular references
17:18:23.312 [main] DEBUG o.s.b.f.s.DefaultListableBeanFactory - Finished creating instance of bean 'org.springframework.aop.config.internalAutoProxyCreator'
17:18:23.314 [main] DEBUG o.s.c.s.GenericApplicationContext - Unable to locate MessageSource with name 'messageSource': using default [org.springframework.context.support.DelegatingMessageSource@2b67556e]
17:18:23.317 [main] DEBUG o.s.c.s.GenericApplicationContext - Unable to locate ApplicationEventMulticaster with name 'applicationEventMulticaster': using default [org.springframework.context.event.SimpleApplicationEventMulticaster@4c9e3fa6]
17:18:23.321 [main] DEBUG o.s.b.f.s.DefaultListableBeanFactory - Creating shared instance of singleton bean 'transactionManager'
17:18:23.322 [main] DEBUG o.s.b.f.s.DefaultListableBeanFactory - Creating instance of bean 'transactionManager'
17:18:23.332 [main] DEBUG o.s.b.f.s.DefaultListableBeanFactory - Eagerly caching bean 'transactionManager' to allow for resolving potential circular references
17:18:23.348 [main] DEBUG o.s.b.f.s.DefaultListableBeanFactory - Creating shared instance of singleton bean 'org.springframework.transaction.config.internalTransactionAdvisor'
[...]
17:18:25.411 [main] DEBUG o.h.id.IdentifierGeneratorHelper - Natively generated identity: 1
17:18:25.411 [main] DEBUG org.hibernate.jdbc.AbstractBatcher - about to close PreparedStatement (open PreparedStatements: 1, globally: 1)
KGHM
17:18:25.412 [main] DEBUG o.s.b.f.s.DefaultListableBeanFactory - Returning cached instance of singleton bean 'transactionManager'
17:18:25.412 [main] DEBUG o.s.orm.jpa.JpaTransactionManager - Found thread-bound EntityManager [org.hibernate.ejb.EntityManagerImpl@59ba0ea9] for JPA transaction
17:18:25.412 [main] DEBUG o.s.orm.jpa.JpaTransactionManager - Participating in existing transaction
17:18:25.413 [main] DEBUG o.h.e.def.AbstractSaveEventListener - executing identity-insert immediately
17:18:25.413 [main] DEBUG org.hibernate.jdbc.AbstractBatcher - about to open PreparedStatement (open PreparedStatements: 0, globally: 0)
17:18:25.413 [main] DEBUG org.hibernate.SQL - 
    insert 
    into
        company
        (id, name) 
    values
        (default, ?)
Hibernate: 
    insert 
    into
        company
        (id, name) 
    values
        (default, ?)
17:18:25.414 [main] DEBUG o.h.id.IdentifierGeneratorHelper - Natively generated identity: 2
17:18:25.414 [main] DEBUG org.hibernate.jdbc.AbstractBatcher - about to close PreparedStatement (open PreparedStatements: 1, globally: 1)
17:18:25.414 [main] DEBUG o.h.e.def.AbstractSaveEventListener - executing identity-insert immediately
17:18:25.414 [main] DEBUG org.hibernate.jdbc.AbstractBatcher - about to open PreparedStatement (open PreparedStatements: 0, globally: 0)
17:18:25.414 [main] DEBUG org.hibernate.SQL - 
    insert 
    into
        data_price
        (id, company_id, date, price) 
    values
        (default, ?, ?, ?)
Hibernate: 
    insert 
    into
        data_price
        (id, company_id, date, price) 
    values
        (default, ?, ?, ?)
17:18:25.415 [main] DEBUG o.h.id.IdentifierGeneratorHelper - Natively generated identity: 2
17:18:25.416 [main] DEBUG org.hibernate.jdbc.AbstractBatcher - about to close PreparedStatement (open PreparedStatements: 1, globally: 1)
PGNIG
17:18:25.416 [main] DEBUG o.s.b.f.s.DefaultListableBeanFactory - Returning cached instance of singleton bean 'transactionManager'
17:18:25.416 [main] DEBUG o.s.orm.jpa.JpaTransactionManager - Found thread-bound EntityManager [org.hibernate.ejb.EntityManagerImpl@59ba0ea9] for JPA transaction
17:18:25.416 [main] DEBUG o.s.orm.jpa.JpaTransactionManager - Participating in existing transaction
17:18:25.417 [main] DEBUG o.h.e.def.AbstractSaveEventListener - executing identity-insert immediately
17:18:25.417 [main] DEBUG org.hibernate.jdbc.AbstractBatcher - about to open PreparedStatement (open PreparedStatements: 0, globally: 0)
17:18:25.417 [main] DEBUG org.hibernate.SQL - 
    insert 
    into
        company
        (id, name) 
    values
        (default, ?)
Hibernate: 
    insert 
    into
        company
        (id, name) 
    values
        (default, ?)
17:18:25.417 [main] DEBUG o.h.id.IdentifierGeneratorHelper - Natively generated identity: 3
17:18:25.418 [main] DEBUG org.hibernate.jdbc.AbstractBatcher - about to close PreparedStatement (open PreparedStatements: 1, globally: 1)
17:18:25.418 [main] DEBUG o.h.e.def.AbstractSaveEventListener - executing identity-insert immediately
17:18:25.418 [main] DEBUG org.hibernate.jdbc.AbstractBatcher - about to open PreparedStatement (open PreparedStatements: 0, globally: 0)
17:18:25.418 [main] DEBUG org.hibernate.SQL - 
    insert 
    into
        data_price
        (id, company_id, date, price) 
    values
        (default, ?, ?, ?)
Hibernate: 
    insert 
    into
        data_price
        (id, company_id, date, price) 
    values
        (default, ?, ?, ?)
17:18:25.419 [main] DEBUG o.h.id.IdentifierGeneratorHelper - Natively generated identity: 3
17:18:25.419 [main] DEBUG org.hibernate.jdbc.AbstractBatcher - about to close PreparedStatement (open PreparedStatements: 1, globally: 1)
JSW
17:18:25.419 [main] DEBUG o.s.b.f.s.DefaultListableBeanFactory - Returning cached instance of singleton bean 'transactionManager'
17:18:25.419 [main] DEBUG o.s.orm.jpa.JpaTransactionManager - Found thread-bound EntityManager [org.hibernate.ejb.EntityManagerImpl@59ba0ea9] for JPA transaction
17:18:25.420 [main] DEBUG o.s.orm.jpa.JpaTransactionManager - Participating in existing transaction
17:18:25.420 [main] DEBUG o.h.e.def.AbstractSaveEventListener - executing identity-insert immediately
17:18:25.420 [main] DEBUG org.hibernate.jdbc.AbstractBatcher - about to open PreparedStatement (open PreparedStatements: 0, globally: 0)
17:18:25.420 [main] DEBUG org.hibernate.SQL - 
    insert 
    into
        company
        (id, name) 
    values
        (default, ?)
Hibernate: 
    insert 
    into
        company
        (id, name) 
    values
        (default, ?)
17:18:25.421 [main] DEBUG o.h.id.IdentifierGeneratorHelper - Natively generated identity: 4
17:18:25.421 [main] DEBUG org.hibernate.jdbc.AbstractBatcher - about to close PreparedStatement (open PreparedStatements: 1, globally: 1)
17:18:25.421 [main] DEBUG o.h.e.def.AbstractSaveEventListener - executing identity-insert immediately
17:18:25.421 [main] DEBUG org.hibernate.jdbc.AbstractBatcher - about to open PreparedStatement (open PreparedStatements: 0, globally: 0)
17:18:25.421 [main] DEBUG org.hibernate.SQL - 
    insert 
    into
        data_price
        (id, company_id, date, price) 
    values
        (default, ?, ?, ?)
Hibernate: 
    insert 
    into
        data_price
        (id, company_id, date, price) 
    values
        (default, ?, ?, ?)
17:18:25.422 [main] DEBUG o.h.id.IdentifierGeneratorHelper - Natively generated identity: 4
17:18:25.423 [main] DEBUG org.hibernate.jdbc.AbstractBatcher - about to close PreparedStatement (open PreparedStatements: 1, globally: 1)
TPSA
17:18:25.423 [main] DEBUG o.s.b.f.s.DefaultListableBeanFactory - Returning cached instance of singleton bean 'transactionManager'
17:18:25.423 [main] DEBUG o.s.orm.jpa.JpaTransactionManager - Found thread-bound EntityManager [org.hibernate.ejb.EntityManagerImpl@59ba0ea9] for JPA transaction
17:18:25.424 [main] DEBUG o.s.orm.jpa.JpaTransactionManager - Participating in existing transaction
17:18:25.424 [main] DEBUG o.h.e.def.AbstractSaveEventListener - executing identity-insert immediately
17:18:25.424 [main] DEBUG org.hibernate.jdbc.AbstractBatcher - about to open PreparedStatement (open PreparedStatements: 0, globally: 0)
17:18:25.424 [main] DEBUG org.hibernate.SQL - 
    insert 
    into
        company
        (id, name) 
    values
        (default, ?)
Hibernate: 
    insert 
    into
        company
        (id, name) 
    values
        (default, ?)
17:18:25.425 [main] DEBUG o.h.id.IdentifierGeneratorHelper - Natively generated identity: 5
17:18:25.425 [main] DEBUG org.hibernate.jdbc.AbstractBatcher - about to close PreparedStatement (open PreparedStatements: 1, globally: 1)
17:18:25.425 [main] DEBUG o.h.e.def.AbstractSaveEventListener - executing identity-insert immediately
17:18:25.425 [main] DEBUG org.hibernate.jdbc.AbstractBatcher - about to open PreparedStatement (open PreparedStatements: 0, globally: 0)
17:18:25.425 [main] DEBUG org.hibernate.SQL - 
    insert 
    into
        data_price
        (id, company_id, date, price) 
    values
        (default, ?, ?, ?)
Hibernate: 
    insert 
    into
        data_price
        (id, company_id, date, price) 
    values
        (default, ?, ?, ?)
17:18:25.426 [main] DEBUG o.h.id.IdentifierGeneratorHelper - Natively generated identity: 5
17:18:25.427 [main] DEBUG org.hibernate.jdbc.AbstractBatcher - about to close PreparedStatement (open PreparedStatements: 1, globally: 1)
PKOBP
17:18:25.427 [main] DEBUG o.s.b.f.s.DefaultListableBeanFactory - Returning cached instance of singleton bean 'transactionManager'
17:18:25.427 [main] DEBUG o.s.orm.jpa.JpaTransactionManager - Found thread-bound EntityManager [org.hibernate.ejb.EntityManagerImpl@59ba0ea9] for JPA transaction
17:18:25.427 [main] DEBUG o.s.orm.jpa.JpaTransactionManager - Participating in existing transaction
17:18:25.427 [main] DEBUG o.h.e.def.AbstractSaveEventListener - executing identity-insert immediately
17:18:25.428 [main] DEBUG org.hibernate.jdbc.AbstractBatcher - about to open PreparedStatement (open PreparedStatements: 0, globally: 0)
17:18:25.428 [main] DEBUG org.hibernate.SQL - 
    insert 
    into
        data_price
        (id, company_id, date, price) 
    values
        (default, ?, ?, ?)
Hibernate: 
    insert 
    into
        data_price
        (id, company_id, date, price) 
    values
        (default, ?, ?, ?)
17:18:25.429 [main] DEBUG o.h.id.IdentifierGeneratorHelper - Natively generated identity: 6
17:18:25.429 [main] DEBUG org.hibernate.jdbc.AbstractBatcher - about to close PreparedStatement (open PreparedStatements: 1, globally: 1)
KGHM
17:18:25.430 [main] DEBUG o.s.b.f.s.DefaultListableBeanFactory - Returning cached instance of singleton bean 'transactionManager'
17:18:25.430 [main] DEBUG o.s.orm.jpa.JpaTransactionManager - Found thread-bound EntityManager [org.hibernate.ejb.EntityManagerImpl@59ba0ea9] for JPA transaction
17:18:25.430 [main] DEBUG o.s.orm.jpa.JpaTransactionManager - Participating in existing transaction
17:18:25.430 [main] DEBUG o.h.e.def.AbstractSaveEventListener - executing identity-insert immediately
17:18:25.430 [main] DEBUG org.hibernate.jdbc.AbstractBatcher - about to open PreparedStatement (open PreparedStatements: 0, globally: 0)
17:18:25.431 [main] DEBUG org.hibernate.SQL - 
    insert 
    into
        data_price
        (id, company_id, date, price) 
    values
        (default, ?, ?, ?)
Hibernate: 
    insert 
    into
        data_price
        (id, company_id, date, price) 
    values
        (default, ?, ?, ?)
17:18:25.432 [main] DEBUG o.h.id.IdentifierGeneratorHelper - Natively generated identity: 7
17:18:25.432 [main] DEBUG org.hibernate.jdbc.AbstractBatcher - about to close PreparedStatement (open PreparedStatements: 1, globally: 1)
PGNIG
17:18:25.433 [main] DEBUG o.s.b.f.s.DefaultListableBeanFactory - Returning cached instance of singleton bean 'transactionManager'
17:18:25.433 [main] DEBUG o.s.orm.jpa.JpaTransactionManager - Found thread-bound EntityManager [org.hibernate.ejb.EntityManagerImpl@59ba0ea9] for JPA transaction
17:18:25.433 [main] DEBUG o.s.orm.jpa.JpaTransactionManager - Participating in existing transaction
17:18:25.433 [main] DEBUG o.h.e.def.AbstractSaveEventListener - executing identity-insert immediately
17:18:25.433 [main] DEBUG org.hibernate.jdbc.AbstractBatcher - about to open PreparedStatement (open PreparedStatements: 0, globally: 0)
17:18:25.434 [main] DEBUG org.hibernate.SQL - 
    insert 
    into
        data_price
        (id, company_id, date, price) 
    values
        (default, ?, ?, ?)
Hibernate: 
    insert 
    into
        data_price
        (id, company_id, date, price) 
    values
        (default, ?, ?, ?)
17:18:25.434 [main] DEBUG o.h.id.IdentifierGeneratorHelper - Natively generated identity: 8
17:18:25.435 [main] DEBUG org.hibernate.jdbc.AbstractBatcher - about to close PreparedStatement (open PreparedStatements: 1, globally: 1)
JSW
17:18:25.435 [main] DEBUG o.s.b.f.s.DefaultListableBeanFactory - Returning cached instance of singleton bean 'transactionManager'
17:18:25.435 [main] DEBUG o.s.orm.jpa.JpaTransactionManager - Found thread-bound EntityManager [org.hibernate.ejb.EntityManagerImpl@59ba0ea9] for JPA transaction
17:18:25.435 [main] DEBUG o.s.orm.jpa.JpaTransactionManager - Participating in existing transaction
17:18:25.436 [main] DEBUG o.h.e.def.AbstractSaveEventListener - executing identity-insert immediately
17:18:25.436 [main] DEBUG org.hibernate.jdbc.AbstractBatcher - about to open PreparedStatement (open PreparedStatements: 0, globally: 0)
17:18:25.436 [main] DEBUG org.hibernate.SQL - 
    insert 
    into
        data_price
        (id, company_id, date, price) 
    values
        (default, ?, ?, ?)
Hibernate: 
    insert 
    into
        data_price
        (id, company_id, date, price) 
    values
        (default, ?, ?, ?)
17:18:25.437 [main] DEBUG o.h.id.IdentifierGeneratorHelper - Natively generated identity: 9
17:18:25.437 [main] DEBUG org.hibernate.jdbc.AbstractBatcher - about to close PreparedStatement (open PreparedStatements: 1, globally: 1)
TPSA
17:18:25.437 [main] DEBUG o.s.b.f.s.DefaultListableBeanFactory - Returning cached instance of singleton bean 'transactionManager'
17:18:25.437 [main] DEBUG o.s.orm.jpa.JpaTransactionManager - Found thread-bound EntityManager [org.hibernate.ejb.EntityManagerImpl@59ba0ea9] for JPA transaction
17:18:25.438 [main] DEBUG o.s.orm.jpa.JpaTransactionManager - Participating in existing transaction
17:18:25.438 [main] DEBUG o.h.e.def.AbstractSaveEventListener - executing identity-insert immediately
17:18:25.438 [main] DEBUG org.hibernate.jdbc.AbstractBatcher - about to open PreparedStatement (open PreparedStatements: 0, globally: 0)
17:18:25.438 [main] DEBUG org.hibernate.SQL - 
    insert 
    into
        data_price
        (id, company_id, date, price) 
    values
        (default, ?, ?, ?)
Hibernate: 
    insert 
    into
        data_price
        (id, company_id, date, price) 
    values
        (default, ?, ?, ?)
17:18:25.439 [main] DEBUG o.h.id.IdentifierGeneratorHelper - Natively generated identity: 10
17:18:25.439 [main] DEBUG org.hibernate.jdbc.AbstractBatcher - about to close PreparedStatement (open PreparedStatements: 1, globally: 1)
PKOBP
17:18:25.440 [main] DEBUG o.s.b.f.s.DefaultListableBeanFactory - Returning cached instance of singleton bean 'transactionManager'
17:18:25.441 [main] DEBUG o.s.orm.jpa.JpaTransactionManager - Found thread-bound EntityManager [org.hibernate.ejb.EntityManagerImpl@59ba0ea9] for JPA transaction
17:18:25.441 [main] DEBUG o.s.orm.jpa.JpaTransactionManager - Participating in existing transaction
17:18:25.441 [main] DEBUG o.h.e.def.AbstractSaveEventListener - executing identity-insert immediately
17:18:25.441 [main] DEBUG org.hibernate.jdbc.AbstractBatcher - about to open PreparedStatement (open PreparedStatements: 0, globally: 0)
17:18:25.442 [main] DEBUG org.hibernate.SQL - 
    insert 
    into
        data_price
        (id, company_id, date, price) 
    values
        (default, ?, ?, ?)
Hibernate: 
    insert 
    into
        data_price
        (id, company_id, date, price) 
    values
        (default, ?, ?, ?)
17:18:25.442 [main] DEBUG o.h.id.IdentifierGeneratorHelper - Natively generated identity: 11
17:18:25.442 [main] DEBUG org.hibernate.jdbc.AbstractBatcher - about to close PreparedStatement (open PreparedStatements: 1, globally: 1)
KGHM
17:18:25.443 [main] DEBUG o.s.b.f.s.DefaultListableBeanFactory - Returning cached instance of singleton bean 'transactionManager'
17:18:25.443 [main] DEBUG o.s.orm.jpa.JpaTransactionManager - Found thread-bound EntityManager [org.hibernate.ejb.EntityManagerImpl@59ba0ea9] for JPA transaction
17:18:25.443 [main] DEBUG o.s.orm.jpa.JpaTransactionManager - Participating in existing transaction
17:18:25.443 [main] DEBUG o.h.e.def.AbstractSaveEventListener - executing identity-insert immediately
17:18:25.443 [main] DEBUG org.hibernate.jdbc.AbstractBatcher - about to open PreparedStatement (open PreparedStatements: 0, globally: 0)
17:18:25.444 [main] DEBUG org.hibernate.SQL - 
    insert 
    into
        data_price
        (id, company_id, date, price) 
    values
        (default, ?, ?, ?)
Hibernate: 
    insert 
    into
        data_price
        (id, company_id, date, price) 
    values
        (default, ?, ?, ?)
17:18:25.445 [main] DEBUG o.h.id.IdentifierGeneratorHelper - Natively generated identity: 12
17:18:25.445 [main] DEBUG org.hibernate.jdbc.AbstractBatcher - about to close PreparedStatement (open PreparedStatements: 1, globally: 1)
PGNIG
17:18:25.445 [main] DEBUG o.s.b.f.s.DefaultListableBeanFactory - Returning cached instance of singleton bean 'transactionManager'
17:18:25.445 [main] DEBUG o.s.orm.jpa.JpaTransactionManager - Found thread-bound EntityManager [org.hibernate.ejb.EntityManagerImpl@59ba0ea9] for JPA transaction
17:18:25.445 [main] DEBUG o.s.orm.jpa.JpaTransactionManager - Participating in existing transaction
17:18:25.446 [main] DEBUG o.h.e.def.AbstractSaveEventListener - executing identity-insert immediately
17:18:25.446 [main] DEBUG org.hibernate.jdbc.AbstractBatcher - about to open PreparedStatement (open PreparedStatements: 0, globally: 0)
17:18:25.446 [main] DEBUG org.hibernate.SQL - 
    insert 
    into
        data_price
        (id, company_id, date, price) 
    values
        (default, ?, ?, ?)
Hibernate: 
    insert 
    into
        data_price
        (id, company_id, date, price) 
    values
        (default, ?, ?, ?)
17:18:25.447 [main] DEBUG o.h.id.IdentifierGeneratorHelper - Natively generated identity: 13
17:18:25.447 [main] DEBUG org.hibernate.jdbc.AbstractBatcher - about to close PreparedStatement (open PreparedStatements: 1, globally: 1)
JSW
17:18:25.448 [main] DEBUG o.s.b.f.s.DefaultListableBeanFactory - Returning cached instance of singleton bean 'transactionManager'
17:18:25.448 [main] DEBUG o.s.orm.jpa.JpaTransactionManager - Found thread-bound EntityManager [org.hibernate.ejb.EntityManagerImpl@59ba0ea9] for JPA transaction
17:18:25.448 [main] DEBUG o.s.orm.jpa.JpaTransactionManager - Participating in existing transaction
17:18:25.449 [main] DEBUG o.h.e.def.AbstractSaveEventListener - executing identity-insert immediately
17:18:25.449 [main] DEBUG org.hibernate.jdbc.AbstractBatcher - about to open PreparedStatement (open PreparedStatements: 0, globally: 0)
17:18:25.449 [main] DEBUG org.hibernate.SQL - 
    insert 
    into
        data_price
        (id, company_id, date, price) 
    values
        (default, ?, ?, ?)
Hibernate: 
    insert 
    into
        data_price
        (id, company_id, date, price) 
    values
        (default, ?, ?, ?)
17:18:25.450 [main] DEBUG o.h.id.IdentifierGeneratorHelper - Natively generated identity: 14
17:18:25.450 [main] DEBUG org.hibernate.jdbc.AbstractBatcher - about to close PreparedStatement (open PreparedStatements: 1, globally: 1)
TPSA
17:18:25.451 [main] DEBUG o.s.orm.jpa.JpaTransactionManager - Initiating transaction rollback
17:18:25.451 [main] DEBUG o.s.orm.jpa.JpaTransactionManager - Rolling back JPA transaction on EntityManager [org.hibernate.ejb.EntityManagerImpl@59ba0ea9]
17:18:25.451 [main] DEBUG o.h.transaction.JDBCTransaction - rollback
17:18:25.451 [main] DEBUG o.h.transaction.JDBCTransaction - re-enabling autocommit
17:18:25.451 [main] DEBUG o.h.transaction.JDBCTransaction - rolled back JDBC Connection
17:18:25.451 [main] DEBUG org.hibernate.jdbc.ConnectionManager - aggressively releasing JDBC connection
17:18:25.451 [main] DEBUG org.hibernate.jdbc.ConnectionManager - releasing JDBC connection [ (open PreparedStatements: 0, globally: 0) (open ResultSets: 0, globally: 0)]
17:18:25.452 [main] DEBUG o.s.orm.jpa.JpaTransactionManager - Closing JPA EntityManager [org.hibernate.ejb.EntityManagerImpl@59ba0ea9] after transaction
17:18:25.452 [main] DEBUG o.s.o.jpa.EntityManagerFactoryUtils - Closing JPA EntityManager
17:18:25.453 [main] DEBUG o.s.t.c.s.DirtiesContextTestExecutionListener - After test method: context [DefaultTestContext@542ebbbd testClass = CalendarTest, testInstance = pl.dominika.calendar_test.CalendarTest@4827a078, testMethod = testShouldAdddates@CalendarTest, testException = java.lang.IndexOutOfBoundsException: Index: 1, Size: 1, mergedContextConfiguration = [MergedContextConfiguration@21984b4a testClass = CalendarTest, locations = '{classpath:/spring/test-context.xml}', classes = '{}', contextInitializerClasses = '[]', activeProfiles = '{}', propertySourceLocations = '{}', propertySourceProperties = '{}', contextLoader = 'org.springframework.test.context.support.DelegatingSmartContextLoader', parent = [null]]], class dirties context [false], class mode [null], method dirties context [false].
]]></system-out>
  </testcase>
</testsuite>